[0.330s] Invoking command in '/home/ubuntu/Documents/turtle_ws/turtle_controller': PYTHONPATH=/home/ubuntu/Documents/turtle_ws/build/turtle_controller/prefix_override:/usr/lib/python3/dist-packages/colcon_core/task/python/colcon_distutils_commands:/home/ubuntu/Documents/turtle_ws/install/turtle_controller/lib/python3.10/site-packages:${PYTHONPATH} /usr/bin/python3 -W ignore:setup.py install is deprecated -W ignore:easy_install command is deprecated setup.py egg_info --egg-base ../build/turtle_controller build --build-base /home/ubuntu/Documents/turtle_ws/build/turtle_controller/build install --record /home/ubuntu/Documents/turtle_ws/build/turtle_controller/install.log --single-version-externally-managed install_data
[0.443s] running egg_info
[0.443s] writing ../build/turtle_controller/turtle_controller.egg-info/PKG-INFO
[0.444s] writing dependency_links to ../build/turtle_controller/turtle_controller.egg-info/dependency_links.txt
[0.444s] writing entry points to ../build/turtle_controller/turtle_controller.egg-info/entry_points.txt
[0.444s] writing requirements to ../build/turtle_controller/turtle_controller.egg-info/requires.txt
[0.445s] writing top-level names to ../build/turtle_controller/turtle_controller.egg-info/top_level.txt
[0.446s] reading manifest file '../build/turtle_controller/turtle_controller.egg-info/SOURCES.txt'
[0.447s] writing manifest file '../build/turtle_controller/turtle_controller.egg-info/SOURCES.txt'
[0.447s] running build
[0.447s] running build_py
[0.447s] copying turtle_controller/vff.py -> /home/ubuntu/Documents/turtle_ws/build/turtle_controller/build/lib/turtle_controller
[0.447s] running install
[0.447s] running install_lib
[0.448s] copying /home/ubuntu/Documents/turtle_ws/build/turtle_controller/build/lib/turtle_controller/vff.py -> /home/ubuntu/Documents/turtle_ws/install/turtle_controller/lib/python3.10/site-packages/turtle_controller
[0.450s] byte-compiling /home/ubuntu/Documents/turtle_ws/install/turtle_controller/lib/python3.10/site-packages/turtle_controller/vff.py to vff.cpython-310.pyc
[0.450s] running install_data
[0.450s] running install_egg_info
[0.450s] removing '/home/ubuntu/Documents/turtle_ws/install/turtle_controller/lib/python3.10/site-packages/turtle_controller-0.0.0-py3.10.egg-info' (and everything under it)
[0.450s]   File "/home/ubuntu/Documents/turtle_ws/install/turtle_controller/lib/python3.10/site-packages/turtle_controller/vff.py", line 2
[0.450s]     import rclpy.node import Node
[0.450s]                       ^^^^^^
[0.450s] SyntaxError: invalid syntax
[0.450s] 
[0.452s] Copying ../build/turtle_controller/turtle_controller.egg-info to /home/ubuntu/Documents/turtle_ws/install/turtle_controller/lib/python3.10/site-packages/turtle_controller-0.0.0-py3.10.egg-info
[0.453s] running install_scripts
[0.465s] Installing controller script to /home/ubuntu/Documents/turtle_ws/install/turtle_controller/lib/turtle_controller
[0.465s] writing list of installed files to '/home/ubuntu/Documents/turtle_ws/build/turtle_controller/install.log'
[0.479s] Invoked command in '/home/ubuntu/Documents/turtle_ws/turtle_controller' returned '0': PYTHONPATH=/home/ubuntu/Documents/turtle_ws/build/turtle_controller/prefix_override:/usr/lib/python3/dist-packages/colcon_core/task/python/colcon_distutils_commands:/home/ubuntu/Documents/turtle_ws/install/turtle_controller/lib/python3.10/site-packages:${PYTHONPATH} /usr/bin/python3 -W ignore:setup.py install is deprecated -W ignore:easy_install command is deprecated setup.py egg_info --egg-base ../build/turtle_controller build --build-base /home/ubuntu/Documents/turtle_ws/build/turtle_controller/build install --record /home/ubuntu/Documents/turtle_ws/build/turtle_controller/install.log --single-version-externally-managed install_data
