[0.220s] Invoking command in '/home/clasto/Documents/VFF_Simulator/build/vff_turtle_bringup': CMAKE_PREFIX_PATH=/opt/ros/humble /usr/bin/cmake --build /home/clasto/Documents/VFF_Simulator/build/vff_turtle_bringup -- -j8 -l8
[0.254s] Invoked command in '/home/clasto/Documents/VFF_Simulator/build/vff_turtle_bringup' returned '0': CMAKE_PREFIX_PATH=/opt/ros/humble /usr/bin/cmake --build /home/clasto/Documents/VFF_Simulator/build/vff_turtle_bringup -- -j8 -l8
[0.263s] Invoking command in '/home/clasto/Documents/VFF_Simulator/build/vff_turtle_bringup': CMAKE_PREFIX_PATH=/opt/ros/humble /usr/bin/cmake --install /home/clasto/Documents/VFF_Simulator/build/vff_turtle_bringup
[0.270s] -- Install configuration: ""
[0.270s] -- Up-to-date: /home/clasto/Documents/VFF_Simulator/install/vff_turtle_bringup/share/vff_turtle_bringup/
[0.270s] -- Up-to-date: /home/clasto/Documents/VFF_Simulator/install/vff_turtle_bringup/share/vff_turtle_bringup//vff_configure.launch.py
[0.270s] -- Up-to-date: /home/clasto/Documents/VFF_Simulator/install/vff_turtle_bringup/share/ament_index/resource_index/package_run_dependencies/vff_turtle_bringup
[0.270s] -- Up-to-date: /home/clasto/Documents/VFF_Simulator/install/vff_turtle_bringup/share/ament_index/resource_index/parent_prefix_path/vff_turtle_bringup
[0.270s] -- Up-to-date: /home/clasto/Documents/VFF_Simulator/install/vff_turtle_bringup/share/vff_turtle_bringup/environment/ament_prefix_path.sh
[0.270s] -- Up-to-date: /home/clasto/Documents/VFF_Simulator/install/vff_turtle_bringup/share/vff_turtle_bringup/environment/ament_prefix_path.dsv
[0.271s] -- Up-to-date: /home/clasto/Documents/VFF_Simulator/install/vff_turtle_bringup/share/vff_turtle_bringup/environment/path.sh
[0.271s] -- Up-to-date: /home/clasto/Documents/VFF_Simulator/install/vff_turtle_bringup/share/vff_turtle_bringup/environment/path.dsv
[0.271s] -- Up-to-date: /home/clasto/Documents/VFF_Simulator/install/vff_turtle_bringup/share/vff_turtle_bringup/local_setup.bash
[0.271s] -- Up-to-date: /home/clasto/Documents/VFF_Simulator/install/vff_turtle_bringup/share/vff_turtle_bringup/local_setup.sh
[0.271s] -- Up-to-date: /home/clasto/Documents/VFF_Simulator/install/vff_turtle_bringup/share/vff_turtle_bringup/local_setup.zsh
[0.271s] -- Up-to-date: /home/clasto/Documents/VFF_Simulator/install/vff_turtle_bringup/share/vff_turtle_bringup/local_setup.dsv
[0.271s] -- Up-to-date: /home/clasto/Documents/VFF_Simulator/install/vff_turtle_bringup/share/vff_turtle_bringup/package.dsv
[0.271s] -- Up-to-date: /home/clasto/Documents/VFF_Simulator/install/vff_turtle_bringup/share/ament_index/resource_index/packages/vff_turtle_bringup
[0.271s] -- Up-to-date: /home/clasto/Documents/VFF_Simulator/install/vff_turtle_bringup/share/vff_turtle_bringup/cmake/vff_turtle_bringupConfig.cmake
[0.271s] -- Up-to-date: /home/clasto/Documents/VFF_Simulator/install/vff_turtle_bringup/share/vff_turtle_bringup/cmake/vff_turtle_bringupConfig-version.cmake
[0.272s] -- Up-to-date: /home/clasto/Documents/VFF_Simulator/install/vff_turtle_bringup/share/vff_turtle_bringup/package.xml
[0.273s] Invoked command in '/home/clasto/Documents/VFF_Simulator/build/vff_turtle_bringup' returned '0': CMAKE_PREFIX_PATH=/opt/ros/humble /usr/bin/cmake --install /home/clasto/Documents/VFF_Simulator/build/vff_turtle_bringup
