[0.063s] DEBUG:colcon:Command line arguments: ['/usr/bin/colcon', 'build']
[0.063s] DEBUG:colcon:Parsed command line arguments: Namespace(log_base=None, log_level=None, verb_name='build', build_base='build', install_base='install', merge_install=False, symlink_install=False, test_result_base=None, continue_on_error=False, executor='parallel', parallel_workers=4, event_handlers=None, ignore_user_meta=False, metas=['./colcon.meta'], base_paths=['.'], packages_ignore=None, packages_ignore_regex=None, paths=None, packages_up_to=None, packages_up_to_regex=None, packages_above=None, packages_above_and_dependencies=None, packages_above_depth=None, packages_select_by_dep=None, packages_skip_by_dep=None, packages_skip_up_to=None, packages_select_build_failed=False, packages_skip_build_finished=False, packages_select_test_failures=False, packages_skip_test_passed=False, packages_select=None, packages_skip=None, packages_select_regex=None, packages_skip_regex=None, packages_start=None, packages_end=None, allow_overriding=[], cmake_args=None, cmake_target=None, cmake_target_skip_unavailable=False, cmake_clean_cache=False, cmake_clean_first=False, cmake_force_configure=False, ament_cmake_args=None, catkin_cmake_args=None, catkin_skip_building_tests=False, verb_parser=<colcon_defaults.argument_parser.defaults.DefaultArgumentsDecorator object at 0xffff8d262b60>, verb_extension=<colcon_core.verb.build.BuildVerb object at 0xffff8d464040>, main=<bound method BuildVerb.main of <colcon_core.verb.build.BuildVerb object at 0xffff8d464040>>)
[0.148s] Level 1:colcon.colcon_core.package_discovery:discover_packages(colcon_meta) check parameters
[0.148s] Level 1:colcon.colcon_core.package_discovery:discover_packages(recursive) check parameters
[0.149s] Level 1:colcon.colcon_core.package_discovery:discover_packages(ignore) check parameters
[0.149s] Level 1:colcon.colcon_core.package_discovery:discover_packages(path) check parameters
[0.149s] Level 1:colcon.colcon_core.package_discovery:discover_packages(colcon_meta) discover
[0.149s] Level 1:colcon.colcon_core.package_discovery:discover_packages(recursive) discover
[0.149s] INFO:colcon.colcon_core.package_discovery:Crawling recursively for packages in '/home/ubuntu/Documents/turtle_ws'
[0.149s] Level 1:colcon.colcon_core.package_identification:_identify(.) by extensions ['ignore', 'ignore_ament_install']
[0.149s] Level 1:colcon.colcon_core.package_identification:_identify(.) by extension 'ignore'
[0.149s] Level 1:colcon.colcon_core.package_identification:_identify(.) by extension 'ignore_ament_install'
[0.149s] Level 1:colcon.colcon_core.package_identification:_identify(.) by extensions ['colcon_pkg']
[0.149s] Level 1:colcon.colcon_core.package_identification:_identify(.) by extension 'colcon_pkg'
[0.149s] Level 1:colcon.colcon_core.package_identification:_identify(.) by extensions ['colcon_meta']
[0.149s] Level 1:colcon.colcon_core.package_identification:_identify(.) by extension 'colcon_meta'
[0.149s] Level 1:colcon.colcon_core.package_identification:_identify(.) by extensions ['ros']
[0.149s] Level 1:colcon.colcon_core.package_identification:_identify(.) by extension 'ros'
[0.156s] Level 1:colcon.colcon_core.package_identification:_identify(.) by extensions ['cmake', 'python']
[0.156s] Level 1:colcon.colcon_core.package_identification:_identify(.) by extension 'cmake'
[0.156s] Level 1:colcon.colcon_core.package_identification:_identify(.) by extension 'python'
[0.156s] Level 1:colcon.colcon_core.package_identification:_identify(.) by extensions ['python_setup_py']
[0.156s] Level 1:colcon.colcon_core.package_identification:_identify(.) by extension 'python_setup_py'
[0.156s] Level 1:colcon.colcon_core.package_identification:_identify(build) by extensions ['ignore', 'ignore_ament_install']
[0.156s] Level 1:colcon.colcon_core.package_identification:_identify(build) by extension 'ignore'
[0.156s] Level 1:colcon.colcon_core.package_identification:_identify(build) ignored
[0.156s] Level 1:colcon.colcon_core.package_identification:_identify(install) by extensions ['ignore', 'ignore_ament_install']
[0.156s] Level 1:colcon.colcon_core.package_identification:_identify(install) by extension 'ignore'
[0.156s] Level 1:colcon.colcon_core.package_identification:_identify(install) ignored
[0.156s] Level 1:colcon.colcon_core.package_identification:_identify(log) by extensions ['ignore', 'ignore_ament_install']
[0.156s] Level 1:colcon.colcon_core.package_identification:_identify(log) by extension 'ignore'
[0.156s] Level 1:colcon.colcon_core.package_identification:_identify(log) ignored
[0.157s] Level 1:colcon.colcon_core.package_identification:_identify(src) by extensions ['ignore', 'ignore_ament_install']
[0.157s] Level 1:colcon.colcon_core.package_identification:_identify(src) by extension 'ignore'
[0.157s] Level 1:colcon.colcon_core.package_identification:_identify(src) by extension 'ignore_ament_install'
[0.157s] Level 1:colcon.colcon_core.package_identification:_identify(src) by extensions ['colcon_pkg']
[0.157s] Level 1:colcon.colcon_core.package_identification:_identify(src) by extension 'colcon_pkg'
[0.157s] Level 1:colcon.colcon_core.package_identification:_identify(src) by extensions ['colcon_meta']
[0.157s] Level 1:colcon.colcon_core.package_identification:_identify(src) by extension 'colcon_meta'
[0.157s] Level 1:colcon.colcon_core.package_identification:_identify(src) by extensions ['ros']
[0.157s] Level 1:colcon.colcon_core.package_identification:_identify(src) by extension 'ros'
[0.157s] Level 1:colcon.colcon_core.package_identification:_identify(src) by extensions ['cmake', 'python']
[0.157s] Level 1:colcon.colcon_core.package_identification:_identify(src) by extension 'cmake'
[0.157s] Level 1:colcon.colcon_core.package_identification:_identify(src) by extension 'python'
[0.157s] Level 1:colcon.colcon_core.package_identification:_identify(src) by extensions ['python_setup_py']
[0.157s] Level 1:colcon.colcon_core.package_identification:_identify(src) by extension 'python_setup_py'
[0.157s] Level 1:colcon.colcon_core.package_identification:_identify(src/vff_turtle_bringup) by extensions ['ignore', 'ignore_ament_install']
[0.157s] Level 1:colcon.colcon_core.package_identification:_identify(src/vff_turtle_bringup) by extension 'ignore'
[0.157s] Level 1:colcon.colcon_core.package_identification:_identify(src/vff_turtle_bringup) by extension 'ignore_ament_install'
[0.157s] Level 1:colcon.colcon_core.package_identification:_identify(src/vff_turtle_bringup) by extensions ['colcon_pkg']
[0.157s] Level 1:colcon.colcon_core.package_identification:_identify(src/vff_turtle_bringup) by extension 'colcon_pkg'
[0.157s] Level 1:colcon.colcon_core.package_identification:_identify(src/vff_turtle_bringup) by extensions ['colcon_meta']
[0.157s] Level 1:colcon.colcon_core.package_identification:_identify(src/vff_turtle_bringup) by extension 'colcon_meta'
[0.157s] Level 1:colcon.colcon_core.package_identification:_identify(src/vff_turtle_bringup) by extensions ['ros']
[0.157s] Level 1:colcon.colcon_core.package_identification:_identify(src/vff_turtle_bringup) by extension 'ros'
[0.158s] DEBUG:colcon.colcon_core.package_identification:Package 'src/vff_turtle_bringup' with type 'ros.ament_cmake' and name 'vff_turtle_bringup'
[0.158s] Level 1:colcon.colcon_core.package_identification:_identify(turtle_controller) by extensions ['ignore', 'ignore_ament_install']
[0.159s] Level 1:colcon.colcon_core.package_identification:_identify(turtle_controller) by extension 'ignore'
[0.159s] Level 1:colcon.colcon_core.package_identification:_identify(turtle_controller) by extension 'ignore_ament_install'
[0.159s] Level 1:colcon.colcon_core.package_identification:_identify(turtle_controller) by extensions ['colcon_pkg']
[0.159s] Level 1:colcon.colcon_core.package_identification:_identify(turtle_controller) by extension 'colcon_pkg'
[0.159s] Level 1:colcon.colcon_core.package_identification:_identify(turtle_controller) by extensions ['colcon_meta']
[0.159s] Level 1:colcon.colcon_core.package_identification:_identify(turtle_controller) by extension 'colcon_meta'
[0.159s] Level 1:colcon.colcon_core.package_identification:_identify(turtle_controller) by extensions ['ros']
[0.159s] Level 1:colcon.colcon_core.package_identification:_identify(turtle_controller) by extension 'ros'
[0.159s] DEBUG:colcon.colcon_core.package_identification:Package 'turtle_controller' with type 'ros.ament_python' and name 'turtle_controller'
[0.159s] Level 1:colcon.colcon_core.package_discovery:discover_packages(recursive) using defaults
[0.159s] Level 1:colcon.colcon_core.package_discovery:discover_packages(ignore) discover
[0.159s] Level 1:colcon.colcon_core.package_discovery:discover_packages(ignore) using defaults
[0.159s] Level 1:colcon.colcon_core.package_discovery:discover_packages(path) discover
[0.159s] Level 1:colcon.colcon_core.package_discovery:discover_packages(path) using defaults
[0.173s] Level 1:colcon.colcon_core.package_discovery:discover_packages(prefix_path) check parameters
[0.173s] Level 1:colcon.colcon_core.package_discovery:discover_packages(prefix_path) discover
[0.174s] DEBUG:colcon.colcon_installed_package_information.package_discovery:Found 2 installed packages in /home/ubuntu/Documents/turtle_ws/install
[0.175s] DEBUG:colcon.colcon_installed_package_information.package_discovery:Found 270 installed packages in /opt/ros/humble
[0.180s] Level 1:colcon.colcon_core.package_discovery:discover_packages(prefix_path) using defaults
[0.202s] Level 5:colcon.colcon_core.verb:set package 'turtle_controller' build argument 'cmake_args' from command line to 'None'
[0.202s] Level 5:colcon.colcon_core.verb:set package 'turtle_controller' build argument 'cmake_target' from command line to 'None'
[0.202s] Level 5:colcon.colcon_core.verb:set package 'turtle_controller' build argument 'cmake_target_skip_unavailable' from command line to 'False'
[0.202s] Level 5:colcon.colcon_core.verb:set package 'turtle_controller' build argument 'cmake_clean_cache' from command line to 'False'
[0.202s] Level 5:colcon.colcon_core.verb:set package 'turtle_controller' build argument 'cmake_clean_first' from command line to 'False'
[0.202s] Level 5:colcon.colcon_core.verb:set package 'turtle_controller' build argument 'cmake_force_configure' from command line to 'False'
[0.202s] Level 5:colcon.colcon_core.verb:set package 'turtle_controller' build argument 'ament_cmake_args' from command line to 'None'
[0.202s] Level 5:colcon.colcon_core.verb:set package 'turtle_controller' build argument 'catkin_cmake_args' from command line to 'None'
[0.202s] Level 5:colcon.colcon_core.verb:set package 'turtle_controller' build argument 'catkin_skip_building_tests' from command line to 'False'
[0.202s] DEBUG:colcon.colcon_core.verb:Building package 'turtle_controller' with the following arguments: {'ament_cmake_args': None, 'build_base': '/home/ubuntu/Documents/turtle_ws/build/turtle_controller', 'catkin_cmake_args': None, 'catkin_skip_building_tests': False, 'cmake_args': None, 'cmake_clean_cache': False, 'cmake_clean_first': False, 'cmake_force_configure': False, 'cmake_target': None, 'cmake_target_skip_unavailable': False, 'install_base': '/home/ubuntu/Documents/turtle_ws/install/turtle_controller', 'merge_install': False, 'path': '/home/ubuntu/Documents/turtle_ws/turtle_controller', 'symlink_install': False, 'test_result_base': None}
[0.203s] Level 5:colcon.colcon_core.verb:set package 'vff_turtle_bringup' build argument 'cmake_args' from command line to 'None'
[0.203s] Level 5:colcon.colcon_core.verb:set package 'vff_turtle_bringup' build argument 'cmake_target' from command line to 'None'
[0.203s] Level 5:colcon.colcon_core.verb:set package 'vff_turtle_bringup' build argument 'cmake_target_skip_unavailable' from command line to 'False'
[0.203s] Level 5:colcon.colcon_core.verb:set package 'vff_turtle_bringup' build argument 'cmake_clean_cache' from command line to 'False'
[0.203s] Level 5:colcon.colcon_core.verb:set package 'vff_turtle_bringup' build argument 'cmake_clean_first' from command line to 'False'
[0.203s] Level 5:colcon.colcon_core.verb:set package 'vff_turtle_bringup' build argument 'cmake_force_configure' from command line to 'False'
[0.203s] Level 5:colcon.colcon_core.verb:set package 'vff_turtle_bringup' build argument 'ament_cmake_args' from command line to 'None'
[0.203s] Level 5:colcon.colcon_core.verb:set package 'vff_turtle_bringup' build argument 'catkin_cmake_args' from command line to 'None'
[0.203s] Level 5:colcon.colcon_core.verb:set package 'vff_turtle_bringup' build argument 'catkin_skip_building_tests' from command line to 'False'
[0.203s] DEBUG:colcon.colcon_core.verb:Building package 'vff_turtle_bringup' with the following arguments: {'ament_cmake_args': None, 'build_base': '/home/ubuntu/Documents/turtle_ws/build/vff_turtle_bringup', 'catkin_cmake_args': None, 'catkin_skip_building_tests': False, 'cmake_args': None, 'cmake_clean_cache': False, 'cmake_clean_first': False, 'cmake_force_configure': False, 'cmake_target': None, 'cmake_target_skip_unavailable': False, 'install_base': '/home/ubuntu/Documents/turtle_ws/install/vff_turtle_bringup', 'merge_install': False, 'path': '/home/ubuntu/Documents/turtle_ws/src/vff_turtle_bringup', 'symlink_install': False, 'test_result_base': None}
[0.203s] INFO:colcon.colcon_core.executor:Executing jobs using 'parallel' executor
[0.203s] DEBUG:colcon.colcon_parallel_executor.executor.parallel:run_until_complete
[0.203s] INFO:colcon.colcon_ros.task.ament_python.build:Building ROS package in '/home/ubuntu/Documents/turtle_ws/turtle_controller' with build type 'ament_python'
[0.203s] Level 1:colcon.colcon_core.shell:create_environment_hook('turtle_controller', 'ament_prefix_path')
[0.205s] INFO:colcon.colcon_core.plugin_system:Skipping extension 'colcon_core.shell.bat': Not used on non-Windows systems
[0.205s] INFO:colcon.colcon_core.shell:Creating environment hook '/home/ubuntu/Documents/turtle_ws/install/turtle_controller/share/turtle_controller/hook/ament_prefix_path.ps1'
[0.205s] INFO:colcon.colcon_core.shell:Creating environment descriptor '/home/ubuntu/Documents/turtle_ws/install/turtle_controller/share/turtle_controller/hook/ament_prefix_path.dsv'
[0.206s] INFO:colcon.colcon_core.shell:Creating environment hook '/home/ubuntu/Documents/turtle_ws/install/turtle_controller/share/turtle_controller/hook/ament_prefix_path.sh'
[0.206s] INFO:colcon.colcon_core.shell:Skip shell extension 'powershell' for command environment: Not usable outside of PowerShell
[0.206s] DEBUG:colcon.colcon_core.shell:Skip shell extension 'dsv' for command environment
[0.208s] INFO:colcon.colcon_ros.task.ament_cmake.build:Building ROS package in '/home/ubuntu/Documents/turtle_ws/src/vff_turtle_bringup' with build type 'ament_cmake'
[0.208s] INFO:colcon.colcon_cmake.task.cmake.build:Building CMake package in '/home/ubuntu/Documents/turtle_ws/src/vff_turtle_bringup'
[0.208s] INFO:colcon.colcon_core.shell:Skip shell extension 'powershell' for command environment: Not usable outside of PowerShell
[0.208s] DEBUG:colcon.colcon_core.shell:Skip shell extension 'dsv' for command environment
[0.341s] INFO:colcon.colcon_core.task.python.build:Building Python package in '/home/ubuntu/Documents/turtle_ws/turtle_controller'
[0.341s] INFO:colcon.colcon_core.shell:Skip shell extension 'powershell' for command environment: Not usable outside of PowerShell
[0.341s] DEBUG:colcon.colcon_core.shell:Skip shell extension 'dsv' for command environment
[0.349s] DEBUG:colcon.colcon_core.event_handler.log_command:Invoking command in '/home/ubuntu/Documents/turtle_ws/build/vff_turtle_bringup': CMAKE_PREFIX_PATH=/home/ubuntu/Documents/turtle_ws/install/turtle_controller:/opt/ros/humble /usr/bin/cmake /home/ubuntu/Documents/turtle_ws/src/vff_turtle_bringup -DCMAKE_INSTALL_PREFIX=/home/ubuntu/Documents/turtle_ws/install/vff_turtle_bringup
[0.566s] DEBUG:colcon.colcon_core.event_handler.log_command:Invoking command in '/home/ubuntu/Documents/turtle_ws/turtle_controller': PYTHONPATH=/home/ubuntu/Documents/turtle_ws/build/turtle_controller/prefix_override:/usr/lib/python3/dist-packages/colcon_core/task/python/colcon_distutils_commands:/home/ubuntu/Documents/turtle_ws/install/turtle_controller/lib/python3.10/site-packages:${PYTHONPATH} /usr/bin/python3 -W ignore:setup.py install is deprecated -W ignore:easy_install command is deprecated setup.py egg_info --egg-base ../build/turtle_controller build --build-base /home/ubuntu/Documents/turtle_ws/build/turtle_controller/build install --record /home/ubuntu/Documents/turtle_ws/build/turtle_controller/install.log --single-version-externally-managed install_data
[0.613s] DEBUG:colcon.colcon_core.event_handler.log_command:Invoked command in '/home/ubuntu/Documents/turtle_ws/build/vff_turtle_bringup' returned '0': CMAKE_PREFIX_PATH=/home/ubuntu/Documents/turtle_ws/install/turtle_controller:/opt/ros/humble /usr/bin/cmake /home/ubuntu/Documents/turtle_ws/src/vff_turtle_bringup -DCMAKE_INSTALL_PREFIX=/home/ubuntu/Documents/turtle_ws/install/vff_turtle_bringup
[0.614s] DEBUG:colcon.colcon_core.event_handler.log_command:Invoking command in '/home/ubuntu/Documents/turtle_ws/build/vff_turtle_bringup': CMAKE_PREFIX_PATH=/home/ubuntu/Documents/turtle_ws/install/turtle_controller:/opt/ros/humble /usr/bin/cmake --build /home/ubuntu/Documents/turtle_ws/build/vff_turtle_bringup -- -j4 -l4
[0.630s] DEBUG:colcon.colcon_core.event_handler.log_command:Invoked command in '/home/ubuntu/Documents/turtle_ws/build/vff_turtle_bringup' returned '0': CMAKE_PREFIX_PATH=/home/ubuntu/Documents/turtle_ws/install/turtle_controller:/opt/ros/humble /usr/bin/cmake --build /home/ubuntu/Documents/turtle_ws/build/vff_turtle_bringup -- -j4 -l4
[0.635s] DEBUG:colcon.colcon_core.event_handler.log_command:Invoking command in '/home/ubuntu/Documents/turtle_ws/build/vff_turtle_bringup': CMAKE_PREFIX_PATH=/home/ubuntu/Documents/turtle_ws/install/turtle_controller:/opt/ros/humble /usr/bin/cmake --install /home/ubuntu/Documents/turtle_ws/build/vff_turtle_bringup
[0.641s] Level 1:colcon.colcon_core.environment:create_environment_scripts_only(vff_turtle_bringup)
[0.641s] DEBUG:colcon.colcon_core.event_handler.log_command:Invoked command in '/home/ubuntu/Documents/turtle_ws/build/vff_turtle_bringup' returned '0': CMAKE_PREFIX_PATH=/home/ubuntu/Documents/turtle_ws/install/turtle_controller:/opt/ros/humble /usr/bin/cmake --install /home/ubuntu/Documents/turtle_ws/build/vff_turtle_bringup
[0.642s] Level 1:colcon.colcon_core.environment:checking '/home/ubuntu/Documents/turtle_ws/install/vff_turtle_bringup' for CMake module files
[0.643s] Level 1:colcon.colcon_core.environment:checking '/home/ubuntu/Documents/turtle_ws/install/vff_turtle_bringup' for CMake config files
[0.643s] Level 1:colcon.colcon_core.shell:create_environment_hook('vff_turtle_bringup', 'cmake_prefix_path')
[0.643s] INFO:colcon.colcon_core.shell:Creating environment hook '/home/ubuntu/Documents/turtle_ws/install/vff_turtle_bringup/share/vff_turtle_bringup/hook/cmake_prefix_path.ps1'
[0.643s] INFO:colcon.colcon_core.shell:Creating environment descriptor '/home/ubuntu/Documents/turtle_ws/install/vff_turtle_bringup/share/vff_turtle_bringup/hook/cmake_prefix_path.dsv'
[0.643s] INFO:colcon.colcon_core.shell:Creating environment hook '/home/ubuntu/Documents/turtle_ws/install/vff_turtle_bringup/share/vff_turtle_bringup/hook/cmake_prefix_path.sh'
[0.643s] Level 1:colcon.colcon_core.environment:checking '/home/ubuntu/Documents/turtle_ws/install/vff_turtle_bringup/bin'
[0.643s] Level 1:colcon.colcon_core.environment:checking '/home/ubuntu/Documents/turtle_ws/install/vff_turtle_bringup/lib/pkgconfig/vff_turtle_bringup.pc'
[0.644s] Level 1:colcon.colcon_core.environment:checking '/home/ubuntu/Documents/turtle_ws/install/vff_turtle_bringup/lib/python3.10/site-packages'
[0.644s] Level 1:colcon.colcon_core.environment:checking '/home/ubuntu/Documents/turtle_ws/install/vff_turtle_bringup/bin'
[0.644s] INFO:colcon.colcon_core.shell:Creating package script '/home/ubuntu/Documents/turtle_ws/install/vff_turtle_bringup/share/vff_turtle_bringup/package.ps1'
[0.644s] INFO:colcon.colcon_core.shell:Creating package descriptor '/home/ubuntu/Documents/turtle_ws/install/vff_turtle_bringup/share/vff_turtle_bringup/package.dsv'
[0.645s] INFO:colcon.colcon_core.shell:Creating package script '/home/ubuntu/Documents/turtle_ws/install/vff_turtle_bringup/share/vff_turtle_bringup/package.sh'
[0.645s] INFO:colcon.colcon_core.shell:Creating package script '/home/ubuntu/Documents/turtle_ws/install/vff_turtle_bringup/share/vff_turtle_bringup/package.bash'
[0.646s] INFO:colcon.colcon_core.shell:Creating package script '/home/ubuntu/Documents/turtle_ws/install/vff_turtle_bringup/share/vff_turtle_bringup/package.zsh'
[0.646s] Level 1:colcon.colcon_core.environment:create_file_with_runtime_dependencies(/home/ubuntu/Documents/turtle_ws/install/vff_turtle_bringup/share/colcon-core/packages/vff_turtle_bringup)
[0.647s] Level 1:colcon.colcon_core.environment:create_environment_scripts_only(vff_turtle_bringup)
[0.647s] Level 1:colcon.colcon_core.environment:checking '/home/ubuntu/Documents/turtle_ws/install/vff_turtle_bringup' for CMake module files
[0.647s] Level 1:colcon.colcon_core.environment:checking '/home/ubuntu/Documents/turtle_ws/install/vff_turtle_bringup' for CMake config files
[0.647s] Level 1:colcon.colcon_core.shell:create_environment_hook('vff_turtle_bringup', 'cmake_prefix_path')
[0.647s] INFO:colcon.colcon_core.shell:Creating environment hook '/home/ubuntu/Documents/turtle_ws/install/vff_turtle_bringup/share/vff_turtle_bringup/hook/cmake_prefix_path.ps1'
[0.648s] INFO:colcon.colcon_core.shell:Creating environment descriptor '/home/ubuntu/Documents/turtle_ws/install/vff_turtle_bringup/share/vff_turtle_bringup/hook/cmake_prefix_path.dsv'
[0.648s] INFO:colcon.colcon_core.shell:Creating environment hook '/home/ubuntu/Documents/turtle_ws/install/vff_turtle_bringup/share/vff_turtle_bringup/hook/cmake_prefix_path.sh'
[0.648s] Level 1:colcon.colcon_core.environment:checking '/home/ubuntu/Documents/turtle_ws/install/vff_turtle_bringup/bin'
[0.648s] Level 1:colcon.colcon_core.environment:checking '/home/ubuntu/Documents/turtle_ws/install/vff_turtle_bringup/lib/pkgconfig/vff_turtle_bringup.pc'
[0.648s] Level 1:colcon.colcon_core.environment:checking '/home/ubuntu/Documents/turtle_ws/install/vff_turtle_bringup/lib/python3.10/site-packages'
[0.649s] Level 1:colcon.colcon_core.environment:checking '/home/ubuntu/Documents/turtle_ws/install/vff_turtle_bringup/bin'
[0.649s] INFO:colcon.colcon_core.shell:Creating package script '/home/ubuntu/Documents/turtle_ws/install/vff_turtle_bringup/share/vff_turtle_bringup/package.ps1'
[0.649s] INFO:colcon.colcon_core.shell:Creating package descriptor '/home/ubuntu/Documents/turtle_ws/install/vff_turtle_bringup/share/vff_turtle_bringup/package.dsv'
[0.649s] INFO:colcon.colcon_core.shell:Creating package script '/home/ubuntu/Documents/turtle_ws/install/vff_turtle_bringup/share/vff_turtle_bringup/package.sh'
[0.650s] INFO:colcon.colcon_core.shell:Creating package script '/home/ubuntu/Documents/turtle_ws/install/vff_turtle_bringup/share/vff_turtle_bringup/package.bash'
[0.650s] INFO:colcon.colcon_core.shell:Creating package script '/home/ubuntu/Documents/turtle_ws/install/vff_turtle_bringup/share/vff_turtle_bringup/package.zsh'
[0.651s] Level 1:colcon.colcon_core.environment:create_file_with_runtime_dependencies(/home/ubuntu/Documents/turtle_ws/install/vff_turtle_bringup/share/colcon-core/packages/vff_turtle_bringup)
[0.715s] Level 1:colcon.colcon_core.environment:checking '/home/ubuntu/Documents/turtle_ws/install/turtle_controller' for CMake module files
[0.715s] DEBUG:colcon.colcon_core.event_handler.log_command:Invoked command in '/home/ubuntu/Documents/turtle_ws/turtle_controller' returned '0': PYTHONPATH=/home/ubuntu/Documents/turtle_ws/build/turtle_controller/prefix_override:/usr/lib/python3/dist-packages/colcon_core/task/python/colcon_distutils_commands:/home/ubuntu/Documents/turtle_ws/install/turtle_controller/lib/python3.10/site-packages:${PYTHONPATH} /usr/bin/python3 -W ignore:setup.py install is deprecated -W ignore:easy_install command is deprecated setup.py egg_info --egg-base ../build/turtle_controller build --build-base /home/ubuntu/Documents/turtle_ws/build/turtle_controller/build install --record /home/ubuntu/Documents/turtle_ws/build/turtle_controller/install.log --single-version-externally-managed install_data
[0.715s] Level 1:colcon.colcon_core.environment:checking '/home/ubuntu/Documents/turtle_ws/install/turtle_controller' for CMake config files
[0.716s] Level 1:colcon.colcon_core.environment:checking '/home/ubuntu/Documents/turtle_ws/install/turtle_controller/lib'
[0.716s] Level 1:colcon.colcon_core.environment:checking '/home/ubuntu/Documents/turtle_ws/install/turtle_controller/bin'
[0.716s] Level 1:colcon.colcon_core.environment:checking '/home/ubuntu/Documents/turtle_ws/install/turtle_controller/lib/pkgconfig/turtle_controller.pc'
[0.716s] Level 1:colcon.colcon_core.environment:checking '/home/ubuntu/Documents/turtle_ws/install/turtle_controller/lib/python3.10/site-packages'
[0.716s] Level 1:colcon.colcon_core.shell:create_environment_hook('turtle_controller', 'pythonpath')
[0.716s] INFO:colcon.colcon_core.shell:Creating environment hook '/home/ubuntu/Documents/turtle_ws/install/turtle_controller/share/turtle_controller/hook/pythonpath.ps1'
[0.716s] INFO:colcon.colcon_core.shell:Creating environment descriptor '/home/ubuntu/Documents/turtle_ws/install/turtle_controller/share/turtle_controller/hook/pythonpath.dsv'
[0.717s] INFO:colcon.colcon_core.shell:Creating environment hook '/home/ubuntu/Documents/turtle_ws/install/turtle_controller/share/turtle_controller/hook/pythonpath.sh'
[0.717s] Level 1:colcon.colcon_core.environment:checking '/home/ubuntu/Documents/turtle_ws/install/turtle_controller/bin'
[0.717s] Level 1:colcon.colcon_core.environment:create_environment_scripts_only(turtle_controller)
[0.717s] INFO:colcon.colcon_core.shell:Creating package script '/home/ubuntu/Documents/turtle_ws/install/turtle_controller/share/turtle_controller/package.ps1'
[0.718s] INFO:colcon.colcon_core.shell:Creating package descriptor '/home/ubuntu/Documents/turtle_ws/install/turtle_controller/share/turtle_controller/package.dsv'
[0.718s] INFO:colcon.colcon_core.shell:Creating package script '/home/ubuntu/Documents/turtle_ws/install/turtle_controller/share/turtle_controller/package.sh'
[0.718s] INFO:colcon.colcon_core.shell:Creating package script '/home/ubuntu/Documents/turtle_ws/install/turtle_controller/share/turtle_controller/package.bash'
[0.718s] INFO:colcon.colcon_core.shell:Creating package script '/home/ubuntu/Documents/turtle_ws/install/turtle_controller/share/turtle_controller/package.zsh'
[0.719s] Level 1:colcon.colcon_core.environment:create_file_with_runtime_dependencies(/home/ubuntu/Documents/turtle_ws/install/turtle_controller/share/colcon-core/packages/turtle_controller)
[0.719s] DEBUG:colcon.colcon_parallel_executor.executor.parallel:closing loop
[0.719s] DEBUG:colcon.colcon_parallel_executor.executor.parallel:loop closed
[0.719s] DEBUG:colcon.colcon_parallel_executor.executor.parallel:run_until_complete finished with '0'
[0.719s] DEBUG:colcon.colcon_core.event_reactor:joining thread
[0.723s] INFO:colcon.colcon_core.plugin_system:Skipping extension 'colcon_notification.desktop_notification.terminal_notifier': Not used on non-Darwin systems
[0.723s] INFO:colcon.colcon_core.plugin_system:Skipping extension 'colcon_notification.desktop_notification.win32': Not used on non-Windows systems
[0.723s] INFO:colcon.colcon_notification.desktop_notification:Sending desktop notification using 'notify2'
[0.740s] DEBUG:colcon.colcon_core.event_reactor:joined thread
[0.740s] INFO:colcon.colcon_core.shell:Creating prefix script '/home/ubuntu/Documents/turtle_ws/install/local_setup.ps1'
[0.741s] INFO:colcon.colcon_core.shell:Creating prefix util module '/home/ubuntu/Documents/turtle_ws/install/_local_setup_util_ps1.py'
[0.742s] INFO:colcon.colcon_core.shell:Creating prefix chain script '/home/ubuntu/Documents/turtle_ws/install/setup.ps1'
[0.743s] INFO:colcon.colcon_core.shell:Creating prefix script '/home/ubuntu/Documents/turtle_ws/install/local_setup.sh'
[0.743s] INFO:colcon.colcon_core.shell:Creating prefix util module '/home/ubuntu/Documents/turtle_ws/install/_local_setup_util_sh.py'
[0.744s] INFO:colcon.colcon_core.shell:Creating prefix chain script '/home/ubuntu/Documents/turtle_ws/install/setup.sh'
[0.745s] INFO:colcon.colcon_core.shell:Creating prefix script '/home/ubuntu/Documents/turtle_ws/install/local_setup.bash'
[0.745s] INFO:colcon.colcon_core.shell:Creating prefix chain script '/home/ubuntu/Documents/turtle_ws/install/setup.bash'
[0.746s] INFO:colcon.colcon_core.shell:Creating prefix script '/home/ubuntu/Documents/turtle_ws/install/local_setup.zsh'
[0.746s] INFO:colcon.colcon_core.shell:Creating prefix chain script '/home/ubuntu/Documents/turtle_ws/install/setup.zsh'
