[0.221s] Invoking command in '/home/clasto/Documents/VFF_Simulator/build/vff_turtle_bringup': CMAKE_PREFIX_PATH=${CMAKE_PREFIX_PATH}:/home/clasto/Documents/VFF_Simulator/install/turtle_controller:/opt/ros/humble /usr/bin/cmake /home/clasto/Documents/VFF_Simulator/src/vff_turtle_bringup -DCMAKE_INSTALL_PREFIX=/home/clasto/Documents/VFF_Simulator/install/vff_turtle_bringup
[2.082s] -- The C compiler identification is GNU 11.4.0
[2.750s] -- The CXX compiler identification is GNU 11.4.0
[2.817s] -- Detecting C compiler ABI info
[3.033s] -- Detecting C compiler ABI info - done
[3.048s] -- Check for working C compiler: /usr/bin/cc - skipped
[3.049s] -- Detecting C compile features
[3.064s] -- Detecting C compile features - done
[3.079s] -- Detecting CXX compiler ABI info
[3.187s] -- Detecting CXX compiler ABI info - done
[3.195s] -- Check for working CXX compiler: /usr/bin/c++ - skipped
[3.195s] -- Detecting CXX compile features
[3.195s] -- Detecting CXX compile features - done
[3.302s] -- Found ament_cmake: 1.3.11 (/opt/ros/humble/share/ament_cmake/cmake)
[3.526s] -- Found Python3: /usr/bin/python3 (found version "3.10.12") found components: Interpreter 
[3.864s] -- Configuring done
[3.866s] -- Generating done
[3.869s] -- Build files have been written to: /home/clasto/Documents/VFF_Simulator/build/vff_turtle_bringup
[3.873s] Invoked command in '/home/clasto/Documents/VFF_Simulator/build/vff_turtle_bringup' returned '0': CMAKE_PREFIX_PATH=${CMAKE_PREFIX_PATH}:/home/clasto/Documents/VFF_Simulator/install/turtle_controller:/opt/ros/humble /usr/bin/cmake /home/clasto/Documents/VFF_Simulator/src/vff_turtle_bringup -DCMAKE_INSTALL_PREFIX=/home/clasto/Documents/VFF_Simulator/install/vff_turtle_bringup
[3.876s] Invoking command in '/home/clasto/Documents/VFF_Simulator/build/vff_turtle_bringup': CMAKE_PREFIX_PATH=${CMAKE_PREFIX_PATH}:/home/clasto/Documents/VFF_Simulator/install/turtle_controller:/opt/ros/humble /usr/bin/cmake --build /home/clasto/Documents/VFF_Simulator/build/vff_turtle_bringup -- -j8 -l8
[3.911s] Invoked command in '/home/clasto/Documents/VFF_Simulator/build/vff_turtle_bringup' returned '0': CMAKE_PREFIX_PATH=${CMAKE_PREFIX_PATH}:/home/clasto/Documents/VFF_Simulator/install/turtle_controller:/opt/ros/humble /usr/bin/cmake --build /home/clasto/Documents/VFF_Simulator/build/vff_turtle_bringup -- -j8 -l8
[3.920s] Invoking command in '/home/clasto/Documents/VFF_Simulator/build/vff_turtle_bringup': CMAKE_PREFIX_PATH=${CMAKE_PREFIX_PATH}:/home/clasto/Documents/VFF_Simulator/install/turtle_controller:/opt/ros/humble /usr/bin/cmake --install /home/clasto/Documents/VFF_Simulator/build/vff_turtle_bringup
[3.927s] -- Install configuration: ""
[3.927s] -- Installing: /home/clasto/Documents/VFF_Simulator/install/vff_turtle_bringup/share/vff_turtle_bringup/
[3.927s] -- Installing: /home/clasto/Documents/VFF_Simulator/install/vff_turtle_bringup/share/vff_turtle_bringup//vff_configure.launch.py
[3.927s] -- Installing: /home/clasto/Documents/VFF_Simulator/install/vff_turtle_bringup/share/ament_index/resource_index/package_run_dependencies/vff_turtle_bringup
[3.928s] -- Installing: /home/clasto/Documents/VFF_Simulator/install/vff_turtle_bringup/share/ament_index/resource_index/parent_prefix_path/vff_turtle_bringup
[3.928s] -- Installing: /home/clasto/Documents/VFF_Simulator/install/vff_turtle_bringup/share/vff_turtle_bringup/environment/ament_prefix_path.sh
[3.928s] -- Installing: /home/clasto/Documents/VFF_Simulator/install/vff_turtle_bringup/share/vff_turtle_bringup/environment/ament_prefix_path.dsv
[3.928s] -- Installing: /home/clasto/Documents/VFF_Simulator/install/vff_turtle_bringup/share/vff_turtle_bringup/environment/path.sh
[3.928s] -- Installing: /home/clasto/Documents/VFF_Simulator/install/vff_turtle_bringup/share/vff_turtle_bringup/environment/path.dsv
[3.928s] -- Installing: /home/clasto/Documents/VFF_Simulator/install/vff_turtle_bringup/share/vff_turtle_bringup/local_setup.bash
[3.928s] -- Installing: /home/clasto/Documents/VFF_Simulator/install/vff_turtle_bringup/share/vff_turtle_bringup/local_setup.sh
[3.928s] -- Installing: /home/clasto/Documents/VFF_Simulator/install/vff_turtle_bringup/share/vff_turtle_bringup/local_setup.zsh
[3.928s] -- Installing: /home/clasto/Documents/VFF_Simulator/install/vff_turtle_bringup/share/vff_turtle_bringup/local_setup.dsv
[3.928s] -- Installing: /home/clasto/Documents/VFF_Simulator/install/vff_turtle_bringup/share/vff_turtle_bringup/package.dsv
[3.929s] -- Installing: /home/clasto/Documents/VFF_Simulator/install/vff_turtle_bringup/share/ament_index/resource_index/packages/vff_turtle_bringup
[3.929s] -- Installing: /home/clasto/Documents/VFF_Simulator/install/vff_turtle_bringup/share/vff_turtle_bringup/cmake/vff_turtle_bringupConfig.cmake
[3.929s] -- Installing: /home/clasto/Documents/VFF_Simulator/install/vff_turtle_bringup/share/vff_turtle_bringup/cmake/vff_turtle_bringupConfig-version.cmake
[3.929s] -- Installing: /home/clasto/Documents/VFF_Simulator/install/vff_turtle_bringup/share/vff_turtle_bringup/package.xml
[3.931s] Invoked command in '/home/clasto/Documents/VFF_Simulator/build/vff_turtle_bringup' returned '0': CMAKE_PREFIX_PATH=${CMAKE_PREFIX_PATH}:/home/clasto/Documents/VFF_Simulator/install/turtle_controller:/opt/ros/humble /usr/bin/cmake --install /home/clasto/Documents/VFF_Simulator/build/vff_turtle_bringup
