[0.375s] Invoking command in '/home/ubuntu/Documents/turtle_ws/turtle_controller': PYTHONPATH=/home/ubuntu/Documents/turtle_ws/build/turtle_controller/prefix_override:/usr/lib/python3/dist-packages/colcon_core/task/python/colcon_distutils_commands:/home/ubuntu/Documents/turtle_ws/install/turtle_controller/lib/python3.10/site-packages:${PYTHONPATH} /usr/bin/python3 -W ignore:setup.py install is deprecated -W ignore:easy_install command is deprecated setup.py egg_info --egg-base ../build/turtle_controller build --build-base /home/ubuntu/Documents/turtle_ws/build/turtle_controller/build install --record /home/ubuntu/Documents/turtle_ws/build/turtle_controller/install.log --single-version-externally-managed install_data
[0.490s] running egg_info
[0.490s] writing ../build/turtle_controller/turtle_controller.egg-info/PKG-INFO
[0.491s] writing dependency_links to ../build/turtle_controller/turtle_controller.egg-info/dependency_links.txt
[0.491s] writing entry points to ../build/turtle_controller/turtle_controller.egg-info/entry_points.txt
[0.491s] writing requirements to ../build/turtle_controller/turtle_controller.egg-info/requires.txt
[0.491s] writing top-level names to ../build/turtle_controller/turtle_controller.egg-info/top_level.txt
[0.492s] reading manifest file '../build/turtle_controller/turtle_controller.egg-info/SOURCES.txt'
[0.493s] writing manifest file '../build/turtle_controller/turtle_controller.egg-info/SOURCES.txt'
[0.493s] running build
[0.493s] running build_py
[0.493s] running install
[0.494s] running install_lib
[0.494s] running install_data
[0.494s] running install_egg_info
[0.495s] removing '/home/ubuntu/Documents/turtle_ws/install/turtle_controller/lib/python3.10/site-packages/turtle_controller-0.0.0-py3.10.egg-info' (and everything under it)
[0.495s] Copying ../build/turtle_controller/turtle_controller.egg-info to /home/ubuntu/Documents/turtle_ws/install/turtle_controller/lib/python3.10/site-packages/turtle_controller-0.0.0-py3.10.egg-info
[0.496s] running install_scripts
[0.506s] Installing controller script to /home/ubuntu/Documents/turtle_ws/install/turtle_controller/lib/turtle_controller
[0.507s] writing list of installed files to '/home/ubuntu/Documents/turtle_ws/build/turtle_controller/install.log'
[0.520s] Invoked command in '/home/ubuntu/Documents/turtle_ws/turtle_controller' returned '0': PYTHONPATH=/home/ubuntu/Documents/turtle_ws/build/turtle_controller/prefix_override:/usr/lib/python3/dist-packages/colcon_core/task/python/colcon_distutils_commands:/home/ubuntu/Documents/turtle_ws/install/turtle_controller/lib/python3.10/site-packages:${PYTHONPATH} /usr/bin/python3 -W ignore:setup.py install is deprecated -W ignore:easy_install command is deprecated setup.py egg_info --egg-base ../build/turtle_controller build --build-base /home/ubuntu/Documents/turtle_ws/build/turtle_controller/build install --record /home/ubuntu/Documents/turtle_ws/build/turtle_controller/install.log --single-version-externally-managed install_data
