[0.309s] Invoking command in '/home/ubuntu/Documents/turtle_ws/turtle_controller': PYTHONPATH=/home/ubuntu/Documents/turtle_ws/build/turtle_controller/prefix_override:/usr/lib/python3/dist-packages/colcon_core/task/python/colcon_distutils_commands:/home/ubuntu/Documents/turtle_ws/install/turtle_controller/lib/python3.10/site-packages:${PYTHONPATH} /usr/bin/python3 -W ignore:setup.py install is deprecated -W ignore:easy_install command is deprecated setup.py egg_info --egg-base ../build/turtle_controller build --build-base /home/ubuntu/Documents/turtle_ws/build/turtle_controller/build install --record /home/ubuntu/Documents/turtle_ws/build/turtle_controller/install.log --single-version-externally-managed install_data
[0.416s] running egg_info
[0.416s] writing ../build/turtle_controller/turtle_controller.egg-info/PKG-INFO
[0.417s] writing dependency_links to ../build/turtle_controller/turtle_controller.egg-info/dependency_links.txt
[0.417s] writing entry points to ../build/turtle_controller/turtle_controller.egg-info/entry_points.txt
[0.417s] writing requirements to ../build/turtle_controller/turtle_controller.egg-info/requires.txt
[0.417s] writing top-level names to ../build/turtle_controller/turtle_controller.egg-info/top_level.txt
[0.418s] reading manifest file '../build/turtle_controller/turtle_controller.egg-info/SOURCES.txt'
[0.419s] writing manifest file '../build/turtle_controller/turtle_controller.egg-info/SOURCES.txt'
[0.420s] running build
[0.420s] running build_py
[0.420s] running install
[0.420s] running install_lib
[0.421s] running install_data
[0.421s] copying package.xml -> /home/ubuntu/Documents/turtle_ws/install/turtle_controller/share/turtle_controller
[0.421s] running install_egg_info
[0.422s] removing '/home/ubuntu/Documents/turtle_ws/install/turtle_controller/lib/python3.10/site-packages/turtle_controller-0.0.0-py3.10.egg-info' (and everything under it)
[0.423s] Copying ../build/turtle_controller/turtle_controller.egg-info to /home/ubuntu/Documents/turtle_ws/install/turtle_controller/lib/python3.10/site-packages/turtle_controller-0.0.0-py3.10.egg-info
[0.423s] running install_scripts
[0.434s] Installing controller script to /home/ubuntu/Documents/turtle_ws/install/turtle_controller/lib/turtle_controller
[0.435s] writing list of installed files to '/home/ubuntu/Documents/turtle_ws/build/turtle_controller/install.log'
[0.446s] Invoked command in '/home/ubuntu/Documents/turtle_ws/turtle_controller' returned '0': PYTHONPATH=/home/ubuntu/Documents/turtle_ws/build/turtle_controller/prefix_override:/usr/lib/python3/dist-packages/colcon_core/task/python/colcon_distutils_commands:/home/ubuntu/Documents/turtle_ws/install/turtle_controller/lib/python3.10/site-packages:${PYTHONPATH} /usr/bin/python3 -W ignore:setup.py install is deprecated -W ignore:easy_install command is deprecated setup.py egg_info --egg-base ../build/turtle_controller build --build-base /home/ubuntu/Documents/turtle_ws/build/turtle_controller/build install --record /home/ubuntu/Documents/turtle_ws/build/turtle_controller/install.log --single-version-externally-managed install_data
