running egg_info
creating ../build/turtle_controller/turtle_controller.egg-info
writing ../build/turtle_controller/turtle_controller.egg-info/PKG-INFO
writing dependency_links to ../build/turtle_controller/turtle_controller.egg-info/dependency_links.txt
writing entry points to ../build/turtle_controller/turtle_controller.egg-info/entry_points.txt
writing requirements to ../build/turtle_controller/turtle_controller.egg-info/requires.txt
writing top-level names to ../build/turtle_controller/turtle_controller.egg-info/top_level.txt
writing manifest file '../build/turtle_controller/turtle_controller.egg-info/SOURCES.txt'
reading manifest file '../build/turtle_controller/turtle_controller.egg-info/SOURCES.txt'
writing manifest file '../build/turtle_controller/turtle_controller.egg-info/SOURCES.txt'
running build
running build_py
creating /home/clasto/Documents/VFF_Simulator/build/turtle_controller/build
creating /home/clasto/Documents/VFF_Simulator/build/turtle_controller/build/lib
creating /home/clasto/Documents/VFF_Simulator/build/turtle_controller/build/lib/turtle_controller
copying turtle_controller/turtle_vff_controller.py -> /home/clasto/Documents/VFF_Simulator/build/turtle_controller/build/lib/turtle_controller
copying turtle_controller/__init__.py -> /home/clasto/Documents/VFF_Simulator/build/turtle_controller/build/lib/turtle_controller
copying turtle_controller/vff.py -> /home/clasto/Documents/VFF_Simulator/build/turtle_controller/build/lib/turtle_controller
copying turtle_controller/controller.py -> /home/clasto/Documents/VFF_Simulator/build/turtle_controller/build/lib/turtle_controller
running install
running install_lib
creating /home/clasto/Documents/VFF_Simulator/install/turtle_controller/lib/python3.10/site-packages/turtle_controller
copying /home/clasto/Documents/VFF_Simulator/build/turtle_controller/build/lib/turtle_controller/turtle_vff_controller.py -> /home/clasto/Documents/VFF_Simulator/install/turtle_controller/lib/python3.10/site-packages/turtle_controller
copying /home/clasto/Documents/VFF_Simulator/build/turtle_controller/build/lib/turtle_controller/__init__.py -> /home/clasto/Documents/VFF_Simulator/install/turtle_controller/lib/python3.10/site-packages/turtle_controller
copying /home/clasto/Documents/VFF_Simulator/build/turtle_controller/build/lib/turtle_controller/vff.py -> /home/clasto/Documents/VFF_Simulator/install/turtle_controller/lib/python3.10/site-packages/turtle_controller
copying /home/clasto/Documents/VFF_Simulator/build/turtle_controller/build/lib/turtle_controller/controller.py -> /home/clasto/Documents/VFF_Simulator/install/turtle_controller/lib/python3.10/site-packages/turtle_controller
byte-compiling /home/clasto/Documents/VFF_Simulator/install/turtle_controller/lib/python3.10/site-packages/turtle_controller/turtle_vff_controller.py to turtle_vff_controller.cpython-310.pyc
byte-compiling /home/clasto/Documents/VFF_Simulator/install/turtle_controller/lib/python3.10/site-packages/turtle_controller/__init__.py to __init__.cpython-310.pyc
byte-compiling /home/clasto/Documents/VFF_Simulator/install/turtle_controller/lib/python3.10/site-packages/turtle_controller/vff.py to vff.cpython-310.pyc
byte-compiling /home/clasto/Documents/VFF_Simulator/install/turtle_controller/lib/python3.10/site-packages/turtle_controller/controller.py to controller.cpython-310.pyc
running install_data
creating /home/clasto/Documents/VFF_Simulator/install/turtle_controller/share/ament_index
creating /home/clasto/Documents/VFF_Simulator/install/turtle_controller/share/ament_index/resource_index
creating /home/clasto/Documents/VFF_Simulator/install/turtle_controller/share/ament_index/resource_index/packages
copying resource/turtle_controller -> /home/clasto/Documents/VFF_Simulator/install/turtle_controller/share/ament_index/resource_index/packages
copying package.xml -> /home/clasto/Documents/VFF_Simulator/install/turtle_controller/share/turtle_controller
running install_egg_info
Copying ../build/turtle_controller/turtle_controller.egg-info to /home/clasto/Documents/VFF_Simulator/install/turtle_controller/lib/python3.10/site-packages/turtle_controller-0.0.0-py3.10.egg-info
running install_scripts
Installing controller script to /home/clasto/Documents/VFF_Simulator/install/turtle_controller/lib/turtle_controller
Installing turtle_vff_controller script to /home/clasto/Documents/VFF_Simulator/install/turtle_controller/lib/turtle_controller
writing list of installed files to '/home/clasto/Documents/VFF_Simulator/build/turtle_controller/install.log'
