[0.498s] Invoking command in '/home/clasto/Documents/VFF_Simulator/turtle_controller': PYTHONPATH=/home/clasto/Documents/VFF_Simulator/build/turtle_controller/prefix_override:/usr/lib/python3/dist-packages/colcon_core/task/python/colcon_distutils_commands:/home/clasto/Documents/VFF_Simulator/install/turtle_controller/lib/python3.10/site-packages:${PYTHONPATH} /usr/bin/python3 -W ignore:setup.py install is deprecated -W ignore:easy_install command is deprecated setup.py egg_info --egg-base ../build/turtle_controller build --build-base /home/clasto/Documents/VFF_Simulator/build/turtle_controller/build install --record /home/clasto/Documents/VFF_Simulator/build/turtle_controller/install.log --single-version-externally-managed install_data
[0.693s] running egg_info
[0.693s] writing ../build/turtle_controller/turtle_controller.egg-info/PKG-INFO
[0.693s] writing dependency_links to ../build/turtle_controller/turtle_controller.egg-info/dependency_links.txt
[0.694s] writing entry points to ../build/turtle_controller/turtle_controller.egg-info/entry_points.txt
[0.694s] writing requirements to ../build/turtle_controller/turtle_controller.egg-info/requires.txt
[0.694s] writing top-level names to ../build/turtle_controller/turtle_controller.egg-info/top_level.txt
[0.696s] reading manifest file '../build/turtle_controller/turtle_controller.egg-info/SOURCES.txt'
[0.697s] writing manifest file '../build/turtle_controller/turtle_controller.egg-info/SOURCES.txt'
[0.697s] running build
[0.697s] running build_py
[0.697s] running install
[0.697s] running install_lib
[0.698s] running install_data
[0.698s] running install_egg_info
[0.700s] removing '/home/clasto/Documents/VFF_Simulator/install/turtle_controller/lib/python3.10/site-packages/turtle_controller-0.0.0-py3.10.egg-info' (and everything under it)
[0.700s] Copying ../build/turtle_controller/turtle_controller.egg-info to /home/clasto/Documents/VFF_Simulator/install/turtle_controller/lib/python3.10/site-packages/turtle_controller-0.0.0-py3.10.egg-info
[0.701s] running install_scripts
[0.719s] Installing controller script to /home/clasto/Documents/VFF_Simulator/install/turtle_controller/lib/turtle_controller
[0.719s] Installing turtle_vff_controller script to /home/clasto/Documents/VFF_Simulator/install/turtle_controller/lib/turtle_controller
[0.719s] writing list of installed files to '/home/clasto/Documents/VFF_Simulator/build/turtle_controller/install.log'
[0.739s] Invoked command in '/home/clasto/Documents/VFF_Simulator/turtle_controller' returned '0': PYTHONPATH=/home/clasto/Documents/VFF_Simulator/build/turtle_controller/prefix_override:/usr/lib/python3/dist-packages/colcon_core/task/python/colcon_distutils_commands:/home/clasto/Documents/VFF_Simulator/install/turtle_controller/lib/python3.10/site-packages:${PYTHONPATH} /usr/bin/python3 -W ignore:setup.py install is deprecated -W ignore:easy_install command is deprecated setup.py egg_info --egg-base ../build/turtle_controller build --build-base /home/clasto/Documents/VFF_Simulator/build/turtle_controller/build install --record /home/clasto/Documents/VFF_Simulator/build/turtle_controller/install.log --single-version-externally-managed install_data
