[0.408s] Invoking command in '/home/ubuntu/Documents/turtle_ws/turtle_controller': PYTHONPATH=/home/ubuntu/Documents/turtle_ws/turtle_controller/build/turtle_controller/prefix_override:/usr/lib/python3/dist-packages/colcon_core/task/python/colcon_distutils_commands:/home/ubuntu/Documents/turtle_ws/turtle_controller/install/turtle_controller/lib/python3.10/site-packages:${PYTHONPATH} /usr/bin/python3 -W ignore:setup.py install is deprecated -W ignore:easy_install command is deprecated setup.py egg_info --egg-base build/turtle_controller build --build-base /home/ubuntu/Documents/turtle_ws/turtle_controller/build/turtle_controller/build install --record /home/ubuntu/Documents/turtle_ws/turtle_controller/build/turtle_controller/install.log --single-version-externally-managed install_data
[0.520s] running egg_info
[0.521s] creating build/turtle_controller/turtle_controller.egg-info
[0.521s] writing build/turtle_controller/turtle_controller.egg-info/PKG-INFO
[0.521s] writing dependency_links to build/turtle_controller/turtle_controller.egg-info/dependency_links.txt
[0.521s] writing entry points to build/turtle_controller/turtle_controller.egg-info/entry_points.txt
[0.521s] writing requirements to build/turtle_controller/turtle_controller.egg-info/requires.txt
[0.522s] writing top-level names to build/turtle_controller/turtle_controller.egg-info/top_level.txt
[0.522s] writing manifest file 'build/turtle_controller/turtle_controller.egg-info/SOURCES.txt'
[0.523s] reading manifest file 'build/turtle_controller/turtle_controller.egg-info/SOURCES.txt'
[0.523s] writing manifest file 'build/turtle_controller/turtle_controller.egg-info/SOURCES.txt'
[0.523s] running build
[0.523s] running build_py
[0.523s] creating /home/ubuntu/Documents/turtle_ws/turtle_controller/build/turtle_controller/build
[0.523s] creating /home/ubuntu/Documents/turtle_ws/turtle_controller/build/turtle_controller/build/lib
[0.523s] creating /home/ubuntu/Documents/turtle_ws/turtle_controller/build/turtle_controller/build/lib/turtle_controller
[0.524s] copying turtle_controller/controller.py -> /home/ubuntu/Documents/turtle_ws/turtle_controller/build/turtle_controller/build/lib/turtle_controller
[0.524s] copying turtle_controller/__init__.py -> /home/ubuntu/Documents/turtle_ws/turtle_controller/build/turtle_controller/build/lib/turtle_controller
[0.524s] running install
[0.524s] running install_lib
[0.524s] creating /home/ubuntu/Documents/turtle_ws/turtle_controller/install/turtle_controller/lib/python3.10/site-packages/turtle_controller
[0.524s] copying /home/ubuntu/Documents/turtle_ws/turtle_controller/build/turtle_controller/build/lib/turtle_controller/controller.py -> /home/ubuntu/Documents/turtle_ws/turtle_controller/install/turtle_controller/lib/python3.10/site-packages/turtle_controller
[0.524s] copying /home/ubuntu/Documents/turtle_ws/turtle_controller/build/turtle_controller/build/lib/turtle_controller/__init__.py -> /home/ubuntu/Documents/turtle_ws/turtle_controller/install/turtle_controller/lib/python3.10/site-packages/turtle_controller
[0.524s] byte-compiling /home/ubuntu/Documents/turtle_ws/turtle_controller/install/turtle_controller/lib/python3.10/site-packages/turtle_controller/controller.py to controller.cpython-310.pyc
[0.525s] byte-compiling /home/ubuntu/Documents/turtle_ws/turtle_controller/install/turtle_controller/lib/python3.10/site-packages/turtle_controller/__init__.py to __init__.cpython-310.pyc
[0.525s] running install_data
[0.525s] creating /home/ubuntu/Documents/turtle_ws/turtle_controller/install/turtle_controller/share/ament_index
[0.525s] creating /home/ubuntu/Documents/turtle_ws/turtle_controller/install/turtle_controller/share/ament_index/resource_index
[0.525s] creating /home/ubuntu/Documents/turtle_ws/turtle_controller/install/turtle_controller/share/ament_index/resource_index/packages
[0.525s] copying resource/turtle_controller -> /home/ubuntu/Documents/turtle_ws/turtle_controller/install/turtle_controller/share/ament_index/resource_index/packages
[0.525s] copying package.xml -> /home/ubuntu/Documents/turtle_ws/turtle_controller/install/turtle_controller/share/turtle_controller
[0.525s] running install_egg_info
[0.526s] Copying build/turtle_controller/turtle_controller.egg-info to /home/ubuntu/Documents/turtle_ws/turtle_controller/install/turtle_controller/lib/python3.10/site-packages/turtle_controller-0.0.0-py3.10.egg-info
[0.527s] running install_scripts
[0.537s] Installing controller script to /home/ubuntu/Documents/turtle_ws/turtle_controller/install/turtle_controller/lib/turtle_controller
[0.537s] writing list of installed files to '/home/ubuntu/Documents/turtle_ws/turtle_controller/build/turtle_controller/install.log'
[0.549s] Invoked command in '/home/ubuntu/Documents/turtle_ws/turtle_controller' returned '0': PYTHONPATH=/home/ubuntu/Documents/turtle_ws/turtle_controller/build/turtle_controller/prefix_override:/usr/lib/python3/dist-packages/colcon_core/task/python/colcon_distutils_commands:/home/ubuntu/Documents/turtle_ws/turtle_controller/install/turtle_controller/lib/python3.10/site-packages:${PYTHONPATH} /usr/bin/python3 -W ignore:setup.py install is deprecated -W ignore:easy_install command is deprecated setup.py egg_info --egg-base build/turtle_controller build --build-base /home/ubuntu/Documents/turtle_ws/turtle_controller/build/turtle_controller/build install --record /home/ubuntu/Documents/turtle_ws/turtle_controller/build/turtle_controller/install.log --single-version-externally-managed install_data
