[0.140s] Invoking command in '/home/ubuntu/Documents/turtle_ws/build/vff_turtle_bringup': CMAKE_PREFIX_PATH=/home/ubuntu/Documents/turtle_ws/install/turtle_controller:/opt/ros/humble /usr/bin/cmake /home/ubuntu/Documents/turtle_ws/src/vff_turtle_bringup -DCMAKE_INSTALL_PREFIX=/home/ubuntu/Documents/turtle_ws/install/vff_turtle_bringup
[0.168s] -- Found ament_cmake: 1.3.11 (/opt/ros/humble/share/ament_cmake/cmake)
[0.274s] -- Found Python3: /usr/bin/python3 (found version "3.10.12") found components: Interpreter 
[0.398s] -- Configuring done
[0.401s] -- Generating done
[0.402s] -- Build files have been written to: /home/ubuntu/Documents/turtle_ws/build/vff_turtle_bringup
[0.404s] Invoked command in '/home/ubuntu/Documents/turtle_ws/build/vff_turtle_bringup' returned '0': CMAKE_PREFIX_PATH=/home/ubuntu/Documents/turtle_ws/install/turtle_controller:/opt/ros/humble /usr/bin/cmake /home/ubuntu/Documents/turtle_ws/src/vff_turtle_bringup -DCMAKE_INSTALL_PREFIX=/home/ubuntu/Documents/turtle_ws/install/vff_turtle_bringup
[0.405s] Invoking command in '/home/ubuntu/Documents/turtle_ws/build/vff_turtle_bringup': CMAKE_PREFIX_PATH=/home/ubuntu/Documents/turtle_ws/install/turtle_controller:/opt/ros/humble /usr/bin/cmake --build /home/ubuntu/Documents/turtle_ws/build/vff_turtle_bringup -- -j4 -l4
[0.422s] Invoked command in '/home/ubuntu/Documents/turtle_ws/build/vff_turtle_bringup' returned '0': CMAKE_PREFIX_PATH=/home/ubuntu/Documents/turtle_ws/install/turtle_controller:/opt/ros/humble /usr/bin/cmake --build /home/ubuntu/Documents/turtle_ws/build/vff_turtle_bringup -- -j4 -l4
[0.426s] Invoking command in '/home/ubuntu/Documents/turtle_ws/build/vff_turtle_bringup': CMAKE_PREFIX_PATH=/home/ubuntu/Documents/turtle_ws/install/turtle_controller:/opt/ros/humble /usr/bin/cmake --install /home/ubuntu/Documents/turtle_ws/build/vff_turtle_bringup
[0.430s] -- Install configuration: ""
[0.430s] -- Up-to-date: /home/ubuntu/Documents/turtle_ws/install/vff_turtle_bringup/share/vff_turtle_bringup/
[0.430s] -- Installing: /home/ubuntu/Documents/turtle_ws/install/vff_turtle_bringup/share/vff_turtle_bringup//vff_configure.launch.py
[0.430s] -- Installing: /home/ubuntu/Documents/turtle_ws/install/vff_turtle_bringup/share/ament_index/resource_index/package_run_dependencies/vff_turtle_bringup
[0.430s] -- Installing: /home/ubuntu/Documents/turtle_ws/install/vff_turtle_bringup/share/ament_index/resource_index/parent_prefix_path/vff_turtle_bringup
[0.430s] -- Installing: /home/ubuntu/Documents/turtle_ws/install/vff_turtle_bringup/share/vff_turtle_bringup/environment/ament_prefix_path.sh
[0.430s] -- Installing: /home/ubuntu/Documents/turtle_ws/install/vff_turtle_bringup/share/vff_turtle_bringup/environment/ament_prefix_path.dsv
[0.430s] -- Installing: /home/ubuntu/Documents/turtle_ws/install/vff_turtle_bringup/share/vff_turtle_bringup/environment/path.sh
[0.430s] -- Installing: /home/ubuntu/Documents/turtle_ws/install/vff_turtle_bringup/share/vff_turtle_bringup/environment/path.dsv
[0.430s] -- Installing: /home/ubuntu/Documents/turtle_ws/install/vff_turtle_bringup/share/vff_turtle_bringup/local_setup.bash
[0.430s] -- Installing: /home/ubuntu/Documents/turtle_ws/install/vff_turtle_bringup/share/vff_turtle_bringup/local_setup.sh
[0.431s] -- Installing: /home/ubuntu/Documents/turtle_ws/install/vff_turtle_bringup/share/vff_turtle_bringup/local_setup.zsh
[0.431s] -- Installing: /home/ubuntu/Documents/turtle_ws/install/vff_turtle_bringup/share/vff_turtle_bringup/local_setup.dsv
[0.431s] -- Installing: /home/ubuntu/Documents/turtle_ws/install/vff_turtle_bringup/share/vff_turtle_bringup/package.dsv
[0.431s] -- Installing: /home/ubuntu/Documents/turtle_ws/install/vff_turtle_bringup/share/ament_index/resource_index/packages/vff_turtle_bringup
[0.431s] -- Installing: /home/ubuntu/Documents/turtle_ws/install/vff_turtle_bringup/share/vff_turtle_bringup/cmake/vff_turtle_bringupConfig.cmake
[0.431s] -- Installing: /home/ubuntu/Documents/turtle_ws/install/vff_turtle_bringup/share/vff_turtle_bringup/cmake/vff_turtle_bringupConfig-version.cmake
[0.431s] -- Installing: /home/ubuntu/Documents/turtle_ws/install/vff_turtle_bringup/share/vff_turtle_bringup/package.xml
[0.432s] Invoked command in '/home/ubuntu/Documents/turtle_ws/build/vff_turtle_bringup' returned '0': CMAKE_PREFIX_PATH=/home/ubuntu/Documents/turtle_ws/install/turtle_controller:/opt/ros/humble /usr/bin/cmake --install /home/ubuntu/Documents/turtle_ws/build/vff_turtle_bringup
