[0.090s] DEBUG:colcon:Command line arguments: ['/usr/bin/colcon', 'build']
[0.091s] DEBUG:colcon:Parsed command line arguments: Namespace(log_base=None, log_level=None, verb_name='build', build_base='build', install_base='install', merge_install=False, symlink_install=False, test_result_base=None, continue_on_error=False, executor='parallel', parallel_workers=8, event_handlers=None, ignore_user_meta=False, metas=['./colcon.meta'], base_paths=['.'], packages_ignore=None, packages_ignore_regex=None, paths=None, packages_up_to=None, packages_up_to_regex=None, packages_above=None, packages_above_and_dependencies=None, packages_above_depth=None, packages_select_by_dep=None, packages_skip_by_dep=None, packages_skip_up_to=None, packages_select_build_failed=False, packages_skip_build_finished=False, packages_select_test_failures=False, packages_skip_test_passed=False, packages_select=None, packages_skip=None, packages_select_regex=None, packages_skip_regex=None, packages_start=None, packages_end=None, allow_overriding=[], cmake_args=None, cmake_target=None, cmake_target_skip_unavailable=False, cmake_clean_cache=False, cmake_clean_first=False, cmake_force_configure=False, ament_cmake_args=None, catkin_cmake_args=None, catkin_skip_building_tests=False, verb_parser=<colcon_defaults.argument_parser.defaults.DefaultArgumentsDecorator object at 0x7b9f4c83e530>, verb_extension=<colcon_core.verb.build.BuildVerb object at 0x7b9f4c927940>, main=<bound method BuildVerb.main of <colcon_core.verb.build.BuildVerb object at 0x7b9f4c927940>>)
[0.226s] Level 1:colcon.colcon_core.package_discovery:discover_packages(colcon_meta) check parameters
[0.227s] Level 1:colcon.colcon_core.package_discovery:discover_packages(recursive) check parameters
[0.227s] Level 1:colcon.colcon_core.package_discovery:discover_packages(ignore) check parameters
[0.227s] Level 1:colcon.colcon_core.package_discovery:discover_packages(path) check parameters
[0.227s] Level 1:colcon.colcon_core.package_discovery:discover_packages(colcon_meta) discover
[0.227s] Level 1:colcon.colcon_core.package_discovery:discover_packages(recursive) discover
[0.227s] INFO:colcon.colcon_core.package_discovery:Crawling recursively for packages in '/home/clasto/Documents/VFF_Simulator'
[0.227s] Level 1:colcon.colcon_core.package_identification:_identify(.) by extensions ['ignore', 'ignore_ament_install']
[0.227s] Level 1:colcon.colcon_core.package_identification:_identify(.) by extension 'ignore'
[0.227s] Level 1:colcon.colcon_core.package_identification:_identify(.) by extension 'ignore_ament_install'
[0.227s] Level 1:colcon.colcon_core.package_identification:_identify(.) by extensions ['colcon_pkg']
[0.227s] Level 1:colcon.colcon_core.package_identification:_identify(.) by extension 'colcon_pkg'
[0.227s] Level 1:colcon.colcon_core.package_identification:_identify(.) by extensions ['colcon_meta']
[0.227s] Level 1:colcon.colcon_core.package_identification:_identify(.) by extension 'colcon_meta'
[0.227s] Level 1:colcon.colcon_core.package_identification:_identify(.) by extensions ['ros']
[0.227s] Level 1:colcon.colcon_core.package_identification:_identify(.) by extension 'ros'
[0.237s] Level 1:colcon.colcon_core.package_identification:_identify(.) by extensions ['cmake', 'python']
[0.237s] Level 1:colcon.colcon_core.package_identification:_identify(.) by extension 'cmake'
[0.237s] Level 1:colcon.colcon_core.package_identification:_identify(.) by extension 'python'
[0.237s] Level 1:colcon.colcon_core.package_identification:_identify(.) by extensions ['python_setup_py']
[0.237s] Level 1:colcon.colcon_core.package_identification:_identify(.) by extension 'python_setup_py'
[0.237s] Level 1:colcon.colcon_core.package_identification:_identify(build) by extensions ['ignore', 'ignore_ament_install']
[0.237s] Level 1:colcon.colcon_core.package_identification:_identify(build) by extension 'ignore'
[0.237s] Level 1:colcon.colcon_core.package_identification:_identify(build) ignored
[0.237s] Level 1:colcon.colcon_core.package_identification:_identify(install) by extensions ['ignore', 'ignore_ament_install']
[0.237s] Level 1:colcon.colcon_core.package_identification:_identify(install) by extension 'ignore'
[0.237s] Level 1:colcon.colcon_core.package_identification:_identify(install) ignored
[0.237s] Level 1:colcon.colcon_core.package_identification:_identify(log) by extensions ['ignore', 'ignore_ament_install']
[0.237s] Level 1:colcon.colcon_core.package_identification:_identify(log) by extension 'ignore'
[0.237s] Level 1:colcon.colcon_core.package_identification:_identify(log) ignored
[0.238s] Level 1:colcon.colcon_core.package_identification:_identify(src) by extensions ['ignore', 'ignore_ament_install']
[0.238s] Level 1:colcon.colcon_core.package_identification:_identify(src) by extension 'ignore'
[0.238s] Level 1:colcon.colcon_core.package_identification:_identify(src) by extension 'ignore_ament_install'
[0.238s] Level 1:colcon.colcon_core.package_identification:_identify(src) by extensions ['colcon_pkg']
[0.238s] Level 1:colcon.colcon_core.package_identification:_identify(src) by extension 'colcon_pkg'
[0.238s] Level 1:colcon.colcon_core.package_identification:_identify(src) by extensions ['colcon_meta']
[0.238s] Level 1:colcon.colcon_core.package_identification:_identify(src) by extension 'colcon_meta'
[0.238s] Level 1:colcon.colcon_core.package_identification:_identify(src) by extensions ['ros']
[0.238s] Level 1:colcon.colcon_core.package_identification:_identify(src) by extension 'ros'
[0.238s] Level 1:colcon.colcon_core.package_identification:_identify(src) by extensions ['cmake', 'python']
[0.238s] Level 1:colcon.colcon_core.package_identification:_identify(src) by extension 'cmake'
[0.238s] Level 1:colcon.colcon_core.package_identification:_identify(src) by extension 'python'
[0.238s] Level 1:colcon.colcon_core.package_identification:_identify(src) by extensions ['python_setup_py']
[0.238s] Level 1:colcon.colcon_core.package_identification:_identify(src) by extension 'python_setup_py'
[0.238s] Level 1:colcon.colcon_core.package_identification:_identify(src/vff_turtle_bringup) by extensions ['ignore', 'ignore_ament_install']
[0.238s] Level 1:colcon.colcon_core.package_identification:_identify(src/vff_turtle_bringup) by extension 'ignore'
[0.238s] Level 1:colcon.colcon_core.package_identification:_identify(src/vff_turtle_bringup) by extension 'ignore_ament_install'
[0.238s] Level 1:colcon.colcon_core.package_identification:_identify(src/vff_turtle_bringup) by extensions ['colcon_pkg']
[0.238s] Level 1:colcon.colcon_core.package_identification:_identify(src/vff_turtle_bringup) by extension 'colcon_pkg'
[0.238s] Level 1:colcon.colcon_core.package_identification:_identify(src/vff_turtle_bringup) by extensions ['colcon_meta']
[0.238s] Level 1:colcon.colcon_core.package_identification:_identify(src/vff_turtle_bringup) by extension 'colcon_meta'
[0.238s] Level 1:colcon.colcon_core.package_identification:_identify(src/vff_turtle_bringup) by extensions ['ros']
[0.238s] Level 1:colcon.colcon_core.package_identification:_identify(src/vff_turtle_bringup) by extension 'ros'
[0.241s] DEBUG:colcon.colcon_core.package_identification:Package 'src/vff_turtle_bringup' with type 'ros.ament_cmake' and name 'vff_turtle_bringup'
[0.241s] Level 1:colcon.colcon_core.package_identification:_identify(turtle_controller) by extensions ['ignore', 'ignore_ament_install']
[0.241s] Level 1:colcon.colcon_core.package_identification:_identify(turtle_controller) by extension 'ignore'
[0.241s] Level 1:colcon.colcon_core.package_identification:_identify(turtle_controller) by extension 'ignore_ament_install'
[0.241s] Level 1:colcon.colcon_core.package_identification:_identify(turtle_controller) by extensions ['colcon_pkg']
[0.241s] Level 1:colcon.colcon_core.package_identification:_identify(turtle_controller) by extension 'colcon_pkg'
[0.241s] Level 1:colcon.colcon_core.package_identification:_identify(turtle_controller) by extensions ['colcon_meta']
[0.241s] Level 1:colcon.colcon_core.package_identification:_identify(turtle_controller) by extension 'colcon_meta'
[0.241s] Level 1:colcon.colcon_core.package_identification:_identify(turtle_controller) by extensions ['ros']
[0.241s] Level 1:colcon.colcon_core.package_identification:_identify(turtle_controller) by extension 'ros'
[0.242s] DEBUG:colcon.colcon_core.package_identification:Package 'turtle_controller' with type 'ros.ament_python' and name 'turtle_controller'
[0.242s] Level 1:colcon.colcon_core.package_discovery:discover_packages(recursive) using defaults
[0.242s] Level 1:colcon.colcon_core.package_discovery:discover_packages(ignore) discover
[0.242s] Level 1:colcon.colcon_core.package_discovery:discover_packages(ignore) using defaults
[0.242s] Level 1:colcon.colcon_core.package_discovery:discover_packages(path) discover
[0.242s] Level 1:colcon.colcon_core.package_discovery:discover_packages(path) using defaults
[0.258s] Level 1:colcon.colcon_core.package_discovery:discover_packages(prefix_path) check parameters
[0.258s] Level 1:colcon.colcon_core.package_discovery:discover_packages(prefix_path) discover
[0.259s] WARNING:colcon.colcon_ros.prefix_path.ament:The path '/home/clasto/Documents/VFF_Simulator/install/vff_turtle_bringup' in the environment variable AMENT_PREFIX_PATH doesn't exist
[0.259s] WARNING:colcon.colcon_ros.prefix_path.ament:The path '/home/clasto/Documents/VFF_Simulator/install/turtle_controller' in the environment variable AMENT_PREFIX_PATH doesn't exist
[0.259s] WARNING:colcon.colcon_ros.prefix_path.catkin:The path '/home/clasto/Documents/VFF_Simulator/install/vff_turtle_bringup' in the environment variable CMAKE_PREFIX_PATH doesn't exist
[0.260s] DEBUG:colcon.colcon_installed_package_information.package_discovery:Found 0 installed packages in /home/clasto/Documents/VFF_Simulator/install
[0.261s] DEBUG:colcon.colcon_installed_package_information.package_discovery:Found 271 installed packages in /opt/ros/humble
[0.263s] Level 1:colcon.colcon_core.package_discovery:discover_packages(prefix_path) using defaults
[0.307s] Level 5:colcon.colcon_core.verb:set package 'turtle_controller' build argument 'cmake_args' from command line to 'None'
[0.307s] Level 5:colcon.colcon_core.verb:set package 'turtle_controller' build argument 'cmake_target' from command line to 'None'
[0.307s] Level 5:colcon.colcon_core.verb:set package 'turtle_controller' build argument 'cmake_target_skip_unavailable' from command line to 'False'
[0.307s] Level 5:colcon.colcon_core.verb:set package 'turtle_controller' build argument 'cmake_clean_cache' from command line to 'False'
[0.307s] Level 5:colcon.colcon_core.verb:set package 'turtle_controller' build argument 'cmake_clean_first' from command line to 'False'
[0.307s] Level 5:colcon.colcon_core.verb:set package 'turtle_controller' build argument 'cmake_force_configure' from command line to 'False'
[0.307s] Level 5:colcon.colcon_core.verb:set package 'turtle_controller' build argument 'ament_cmake_args' from command line to 'None'
[0.307s] Level 5:colcon.colcon_core.verb:set package 'turtle_controller' build argument 'catkin_cmake_args' from command line to 'None'
[0.307s] Level 5:colcon.colcon_core.verb:set package 'turtle_controller' build argument 'catkin_skip_building_tests' from command line to 'False'
[0.307s] DEBUG:colcon.colcon_core.verb:Building package 'turtle_controller' with the following arguments: {'ament_cmake_args': None, 'build_base': '/home/clasto/Documents/VFF_Simulator/build/turtle_controller', 'catkin_cmake_args': None, 'catkin_skip_building_tests': False, 'cmake_args': None, 'cmake_clean_cache': False, 'cmake_clean_first': False, 'cmake_force_configure': False, 'cmake_target': None, 'cmake_target_skip_unavailable': False, 'install_base': '/home/clasto/Documents/VFF_Simulator/install/turtle_controller', 'merge_install': False, 'path': '/home/clasto/Documents/VFF_Simulator/turtle_controller', 'symlink_install': False, 'test_result_base': None}
[0.308s] Level 5:colcon.colcon_core.verb:set package 'vff_turtle_bringup' build argument 'cmake_args' from command line to 'None'
[0.308s] Level 5:colcon.colcon_core.verb:set package 'vff_turtle_bringup' build argument 'cmake_target' from command line to 'None'
[0.308s] Level 5:colcon.colcon_core.verb:set package 'vff_turtle_bringup' build argument 'cmake_target_skip_unavailable' from command line to 'False'
[0.308s] Level 5:colcon.colcon_core.verb:set package 'vff_turtle_bringup' build argument 'cmake_clean_cache' from command line to 'False'
[0.308s] Level 5:colcon.colcon_core.verb:set package 'vff_turtle_bringup' build argument 'cmake_clean_first' from command line to 'False'
[0.308s] Level 5:colcon.colcon_core.verb:set package 'vff_turtle_bringup' build argument 'cmake_force_configure' from command line to 'False'
[0.308s] Level 5:colcon.colcon_core.verb:set package 'vff_turtle_bringup' build argument 'ament_cmake_args' from command line to 'None'
[0.308s] Level 5:colcon.colcon_core.verb:set package 'vff_turtle_bringup' build argument 'catkin_cmake_args' from command line to 'None'
[0.308s] Level 5:colcon.colcon_core.verb:set package 'vff_turtle_bringup' build argument 'catkin_skip_building_tests' from command line to 'False'
[0.308s] DEBUG:colcon.colcon_core.verb:Building package 'vff_turtle_bringup' with the following arguments: {'ament_cmake_args': None, 'build_base': '/home/clasto/Documents/VFF_Simulator/build/vff_turtle_bringup', 'catkin_cmake_args': None, 'catkin_skip_building_tests': False, 'cmake_args': None, 'cmake_clean_cache': False, 'cmake_clean_first': False, 'cmake_force_configure': False, 'cmake_target': None, 'cmake_target_skip_unavailable': False, 'install_base': '/home/clasto/Documents/VFF_Simulator/install/vff_turtle_bringup', 'merge_install': False, 'path': '/home/clasto/Documents/VFF_Simulator/src/vff_turtle_bringup', 'symlink_install': False, 'test_result_base': None}
[0.308s] INFO:colcon.colcon_core.executor:Executing jobs using 'parallel' executor
[0.309s] DEBUG:colcon.colcon_parallel_executor.executor.parallel:run_until_complete
[0.309s] INFO:colcon.colcon_ros.task.ament_python.build:Building ROS package in '/home/clasto/Documents/VFF_Simulator/turtle_controller' with build type 'ament_python'
[0.309s] Level 1:colcon.colcon_core.shell:create_environment_hook('turtle_controller', 'ament_prefix_path')
[0.311s] INFO:colcon.colcon_core.plugin_system:Skipping extension 'colcon_core.shell.bat': Not used on non-Windows systems
[0.311s] INFO:colcon.colcon_core.shell:Creating environment hook '/home/clasto/Documents/VFF_Simulator/install/turtle_controller/share/turtle_controller/hook/ament_prefix_path.ps1'
[0.311s] INFO:colcon.colcon_core.shell:Creating environment descriptor '/home/clasto/Documents/VFF_Simulator/install/turtle_controller/share/turtle_controller/hook/ament_prefix_path.dsv'
[0.312s] INFO:colcon.colcon_core.shell:Creating environment hook '/home/clasto/Documents/VFF_Simulator/install/turtle_controller/share/turtle_controller/hook/ament_prefix_path.sh'
[0.312s] INFO:colcon.colcon_core.shell:Skip shell extension 'powershell' for command environment: Not usable outside of PowerShell
[0.312s] DEBUG:colcon.colcon_core.shell:Skip shell extension 'dsv' for command environment
[0.315s] INFO:colcon.colcon_ros.task.ament_cmake.build:Building ROS package in '/home/clasto/Documents/VFF_Simulator/src/vff_turtle_bringup' with build type 'ament_cmake'
[0.315s] INFO:colcon.colcon_cmake.task.cmake.build:Building CMake package in '/home/clasto/Documents/VFF_Simulator/src/vff_turtle_bringup'
[0.315s] INFO:colcon.colcon_core.shell:Skip shell extension 'powershell' for command environment: Not usable outside of PowerShell
[0.315s] DEBUG:colcon.colcon_core.shell:Skip shell extension 'dsv' for command environment
[0.530s] INFO:colcon.colcon_core.task.python.build:Building Python package in '/home/clasto/Documents/VFF_Simulator/turtle_controller'
[0.530s] INFO:colcon.colcon_core.shell:Skip shell extension 'powershell' for command environment: Not usable outside of PowerShell
[0.530s] DEBUG:colcon.colcon_core.shell:Skip shell extension 'dsv' for command environment
[0.536s] DEBUG:colcon.colcon_core.event_handler.log_command:Invoking command in '/home/clasto/Documents/VFF_Simulator/build/vff_turtle_bringup': CMAKE_PREFIX_PATH=${CMAKE_PREFIX_PATH}:/home/clasto/Documents/VFF_Simulator/install/turtle_controller:/opt/ros/humble /usr/bin/cmake /home/clasto/Documents/VFF_Simulator/src/vff_turtle_bringup -DCMAKE_INSTALL_PREFIX=/home/clasto/Documents/VFF_Simulator/install/vff_turtle_bringup
[0.804s] DEBUG:colcon.colcon_core.event_handler.log_command:Invoking command in '/home/clasto/Documents/VFF_Simulator/turtle_controller': PYTHONPATH=/home/clasto/Documents/VFF_Simulator/build/turtle_controller/prefix_override:/usr/lib/python3/dist-packages/colcon_core/task/python/colcon_distutils_commands:/home/clasto/Documents/VFF_Simulator/install/turtle_controller/lib/python3.10/site-packages:${PYTHONPATH} /usr/bin/python3 -W ignore:setup.py install is deprecated -W ignore:easy_install command is deprecated setup.py egg_info --egg-base ../build/turtle_controller build --build-base /home/clasto/Documents/VFF_Simulator/build/turtle_controller/build install --record /home/clasto/Documents/VFF_Simulator/build/turtle_controller/install.log --single-version-externally-managed install_data
[1.106s] DEBUG:colcon.colcon_core.event_handler.log_command:Invoked command in '/home/clasto/Documents/VFF_Simulator/turtle_controller' returned '0': PYTHONPATH=/home/clasto/Documents/VFF_Simulator/build/turtle_controller/prefix_override:/usr/lib/python3/dist-packages/colcon_core/task/python/colcon_distutils_commands:/home/clasto/Documents/VFF_Simulator/install/turtle_controller/lib/python3.10/site-packages:${PYTHONPATH} /usr/bin/python3 -W ignore:setup.py install is deprecated -W ignore:easy_install command is deprecated setup.py egg_info --egg-base ../build/turtle_controller build --build-base /home/clasto/Documents/VFF_Simulator/build/turtle_controller/build install --record /home/clasto/Documents/VFF_Simulator/build/turtle_controller/install.log --single-version-externally-managed install_data
[1.108s] Level 1:colcon.colcon_core.environment:checking '/home/clasto/Documents/VFF_Simulator/install/turtle_controller' for CMake module files
[1.108s] Level 1:colcon.colcon_core.environment:checking '/home/clasto/Documents/VFF_Simulator/install/turtle_controller' for CMake config files
[1.109s] Level 1:colcon.colcon_core.environment:checking '/home/clasto/Documents/VFF_Simulator/install/turtle_controller/lib'
[1.109s] Level 1:colcon.colcon_core.environment:checking '/home/clasto/Documents/VFF_Simulator/install/turtle_controller/bin'
[1.109s] Level 1:colcon.colcon_core.environment:checking '/home/clasto/Documents/VFF_Simulator/install/turtle_controller/lib/pkgconfig/turtle_controller.pc'
[1.109s] Level 1:colcon.colcon_core.environment:checking '/home/clasto/Documents/VFF_Simulator/install/turtle_controller/lib/python3.10/site-packages'
[1.109s] Level 1:colcon.colcon_core.shell:create_environment_hook('turtle_controller', 'pythonpath')
[1.109s] INFO:colcon.colcon_core.shell:Creating environment hook '/home/clasto/Documents/VFF_Simulator/install/turtle_controller/share/turtle_controller/hook/pythonpath.ps1'
[1.110s] INFO:colcon.colcon_core.shell:Creating environment descriptor '/home/clasto/Documents/VFF_Simulator/install/turtle_controller/share/turtle_controller/hook/pythonpath.dsv'
[1.110s] INFO:colcon.colcon_core.shell:Creating environment hook '/home/clasto/Documents/VFF_Simulator/install/turtle_controller/share/turtle_controller/hook/pythonpath.sh'
[1.111s] Level 1:colcon.colcon_core.environment:checking '/home/clasto/Documents/VFF_Simulator/install/turtle_controller/bin'
[1.111s] Level 1:colcon.colcon_core.environment:create_environment_scripts_only(turtle_controller)
[1.111s] INFO:colcon.colcon_core.shell:Creating package script '/home/clasto/Documents/VFF_Simulator/install/turtle_controller/share/turtle_controller/package.ps1'
[1.112s] INFO:colcon.colcon_core.shell:Creating package descriptor '/home/clasto/Documents/VFF_Simulator/install/turtle_controller/share/turtle_controller/package.dsv'
[1.112s] INFO:colcon.colcon_core.shell:Creating package script '/home/clasto/Documents/VFF_Simulator/install/turtle_controller/share/turtle_controller/package.sh'
[1.113s] INFO:colcon.colcon_core.shell:Creating package script '/home/clasto/Documents/VFF_Simulator/install/turtle_controller/share/turtle_controller/package.bash'
[1.113s] INFO:colcon.colcon_core.shell:Creating package script '/home/clasto/Documents/VFF_Simulator/install/turtle_controller/share/turtle_controller/package.zsh'
[1.114s] Level 1:colcon.colcon_core.environment:create_file_with_runtime_dependencies(/home/clasto/Documents/VFF_Simulator/install/turtle_controller/share/colcon-core/packages/turtle_controller)
[4.189s] DEBUG:colcon.colcon_core.event_handler.log_command:Invoked command in '/home/clasto/Documents/VFF_Simulator/build/vff_turtle_bringup' returned '0': CMAKE_PREFIX_PATH=${CMAKE_PREFIX_PATH}:/home/clasto/Documents/VFF_Simulator/install/turtle_controller:/opt/ros/humble /usr/bin/cmake /home/clasto/Documents/VFF_Simulator/src/vff_turtle_bringup -DCMAKE_INSTALL_PREFIX=/home/clasto/Documents/VFF_Simulator/install/vff_turtle_bringup
[4.191s] DEBUG:colcon.colcon_core.event_handler.log_command:Invoking command in '/home/clasto/Documents/VFF_Simulator/build/vff_turtle_bringup': CMAKE_PREFIX_PATH=${CMAKE_PREFIX_PATH}:/home/clasto/Documents/VFF_Simulator/install/turtle_controller:/opt/ros/humble /usr/bin/cmake --build /home/clasto/Documents/VFF_Simulator/build/vff_turtle_bringup -- -j8 -l8
[4.226s] DEBUG:colcon.colcon_core.event_handler.log_command:Invoked command in '/home/clasto/Documents/VFF_Simulator/build/vff_turtle_bringup' returned '0': CMAKE_PREFIX_PATH=${CMAKE_PREFIX_PATH}:/home/clasto/Documents/VFF_Simulator/install/turtle_controller:/opt/ros/humble /usr/bin/cmake --build /home/clasto/Documents/VFF_Simulator/build/vff_turtle_bringup -- -j8 -l8
[4.236s] DEBUG:colcon.colcon_core.event_handler.log_command:Invoking command in '/home/clasto/Documents/VFF_Simulator/build/vff_turtle_bringup': CMAKE_PREFIX_PATH=${CMAKE_PREFIX_PATH}:/home/clasto/Documents/VFF_Simulator/install/turtle_controller:/opt/ros/humble /usr/bin/cmake --install /home/clasto/Documents/VFF_Simulator/build/vff_turtle_bringup
[4.246s] Level 1:colcon.colcon_core.environment:create_environment_scripts_only(vff_turtle_bringup)
[4.247s] DEBUG:colcon.colcon_core.event_handler.log_command:Invoked command in '/home/clasto/Documents/VFF_Simulator/build/vff_turtle_bringup' returned '0': CMAKE_PREFIX_PATH=${CMAKE_PREFIX_PATH}:/home/clasto/Documents/VFF_Simulator/install/turtle_controller:/opt/ros/humble /usr/bin/cmake --install /home/clasto/Documents/VFF_Simulator/build/vff_turtle_bringup
[4.247s] Level 1:colcon.colcon_core.environment:checking '/home/clasto/Documents/VFF_Simulator/install/vff_turtle_bringup' for CMake module files
[4.247s] Level 1:colcon.colcon_core.environment:checking '/home/clasto/Documents/VFF_Simulator/install/vff_turtle_bringup' for CMake config files
[4.247s] Level 1:colcon.colcon_core.shell:create_environment_hook('vff_turtle_bringup', 'cmake_prefix_path')
[4.248s] INFO:colcon.colcon_core.shell:Creating environment hook '/home/clasto/Documents/VFF_Simulator/install/vff_turtle_bringup/share/vff_turtle_bringup/hook/cmake_prefix_path.ps1'
[4.248s] INFO:colcon.colcon_core.shell:Creating environment descriptor '/home/clasto/Documents/VFF_Simulator/install/vff_turtle_bringup/share/vff_turtle_bringup/hook/cmake_prefix_path.dsv'
[4.248s] INFO:colcon.colcon_core.shell:Creating environment hook '/home/clasto/Documents/VFF_Simulator/install/vff_turtle_bringup/share/vff_turtle_bringup/hook/cmake_prefix_path.sh'
[4.249s] Level 1:colcon.colcon_core.environment:checking '/home/clasto/Documents/VFF_Simulator/install/vff_turtle_bringup/bin'
[4.249s] Level 1:colcon.colcon_core.environment:checking '/home/clasto/Documents/VFF_Simulator/install/vff_turtle_bringup/lib/pkgconfig/vff_turtle_bringup.pc'
[4.249s] Level 1:colcon.colcon_core.environment:checking '/home/clasto/Documents/VFF_Simulator/install/vff_turtle_bringup/lib/python3.10/site-packages'
[4.250s] Level 1:colcon.colcon_core.environment:checking '/home/clasto/Documents/VFF_Simulator/install/vff_turtle_bringup/bin'
[4.250s] INFO:colcon.colcon_core.shell:Creating package script '/home/clasto/Documents/VFF_Simulator/install/vff_turtle_bringup/share/vff_turtle_bringup/package.ps1'
[4.251s] INFO:colcon.colcon_core.shell:Creating package descriptor '/home/clasto/Documents/VFF_Simulator/install/vff_turtle_bringup/share/vff_turtle_bringup/package.dsv'
[4.251s] INFO:colcon.colcon_core.shell:Creating package script '/home/clasto/Documents/VFF_Simulator/install/vff_turtle_bringup/share/vff_turtle_bringup/package.sh'
[4.252s] INFO:colcon.colcon_core.shell:Creating package script '/home/clasto/Documents/VFF_Simulator/install/vff_turtle_bringup/share/vff_turtle_bringup/package.bash'
[4.252s] INFO:colcon.colcon_core.shell:Creating package script '/home/clasto/Documents/VFF_Simulator/install/vff_turtle_bringup/share/vff_turtle_bringup/package.zsh'
[4.252s] Level 1:colcon.colcon_core.environment:create_file_with_runtime_dependencies(/home/clasto/Documents/VFF_Simulator/install/vff_turtle_bringup/share/colcon-core/packages/vff_turtle_bringup)
[4.253s] Level 1:colcon.colcon_core.environment:create_environment_scripts_only(vff_turtle_bringup)
[4.253s] Level 1:colcon.colcon_core.environment:checking '/home/clasto/Documents/VFF_Simulator/install/vff_turtle_bringup' for CMake module files
[4.253s] Level 1:colcon.colcon_core.environment:checking '/home/clasto/Documents/VFF_Simulator/install/vff_turtle_bringup' for CMake config files
[4.254s] Level 1:colcon.colcon_core.shell:create_environment_hook('vff_turtle_bringup', 'cmake_prefix_path')
[4.254s] INFO:colcon.colcon_core.shell:Creating environment hook '/home/clasto/Documents/VFF_Simulator/install/vff_turtle_bringup/share/vff_turtle_bringup/hook/cmake_prefix_path.ps1'
[4.254s] INFO:colcon.colcon_core.shell:Creating environment descriptor '/home/clasto/Documents/VFF_Simulator/install/vff_turtle_bringup/share/vff_turtle_bringup/hook/cmake_prefix_path.dsv'
[4.254s] INFO:colcon.colcon_core.shell:Creating environment hook '/home/clasto/Documents/VFF_Simulator/install/vff_turtle_bringup/share/vff_turtle_bringup/hook/cmake_prefix_path.sh'
[4.255s] Level 1:colcon.colcon_core.environment:checking '/home/clasto/Documents/VFF_Simulator/install/vff_turtle_bringup/bin'
[4.255s] Level 1:colcon.colcon_core.environment:checking '/home/clasto/Documents/VFF_Simulator/install/vff_turtle_bringup/lib/pkgconfig/vff_turtle_bringup.pc'
[4.255s] Level 1:colcon.colcon_core.environment:checking '/home/clasto/Documents/VFF_Simulator/install/vff_turtle_bringup/lib/python3.10/site-packages'
[4.255s] Level 1:colcon.colcon_core.environment:checking '/home/clasto/Documents/VFF_Simulator/install/vff_turtle_bringup/bin'
[4.256s] INFO:colcon.colcon_core.shell:Creating package script '/home/clasto/Documents/VFF_Simulator/install/vff_turtle_bringup/share/vff_turtle_bringup/package.ps1'
[4.256s] INFO:colcon.colcon_core.shell:Creating package descriptor '/home/clasto/Documents/VFF_Simulator/install/vff_turtle_bringup/share/vff_turtle_bringup/package.dsv'
[4.257s] INFO:colcon.colcon_core.shell:Creating package script '/home/clasto/Documents/VFF_Simulator/install/vff_turtle_bringup/share/vff_turtle_bringup/package.sh'
[4.257s] INFO:colcon.colcon_core.shell:Creating package script '/home/clasto/Documents/VFF_Simulator/install/vff_turtle_bringup/share/vff_turtle_bringup/package.bash'
[4.257s] INFO:colcon.colcon_core.shell:Creating package script '/home/clasto/Documents/VFF_Simulator/install/vff_turtle_bringup/share/vff_turtle_bringup/package.zsh'
[4.258s] Level 1:colcon.colcon_core.environment:create_file_with_runtime_dependencies(/home/clasto/Documents/VFF_Simulator/install/vff_turtle_bringup/share/colcon-core/packages/vff_turtle_bringup)
[4.258s] DEBUG:colcon.colcon_parallel_executor.executor.parallel:closing loop
[4.258s] DEBUG:colcon.colcon_parallel_executor.executor.parallel:loop closed
[4.258s] DEBUG:colcon.colcon_parallel_executor.executor.parallel:run_until_complete finished with '0'
[4.258s] DEBUG:colcon.colcon_core.event_reactor:joining thread
[4.263s] INFO:colcon.colcon_core.plugin_system:Skipping extension 'colcon_notification.desktop_notification.terminal_notifier': Not used on non-Darwin systems
[4.263s] INFO:colcon.colcon_core.plugin_system:Skipping extension 'colcon_notification.desktop_notification.win32': Not used on non-Windows systems
[4.263s] INFO:colcon.colcon_notification.desktop_notification:Sending desktop notification using 'notify2'
[4.274s] DEBUG:colcon.colcon_core.event_reactor:joined thread
[4.274s] INFO:colcon.colcon_core.shell:Creating prefix script '/home/clasto/Documents/VFF_Simulator/install/local_setup.ps1'
[4.275s] INFO:colcon.colcon_core.shell:Creating prefix util module '/home/clasto/Documents/VFF_Simulator/install/_local_setup_util_ps1.py'
[4.276s] INFO:colcon.colcon_core.shell:Creating prefix chain script '/home/clasto/Documents/VFF_Simulator/install/setup.ps1'
[4.278s] INFO:colcon.colcon_core.shell:Creating prefix script '/home/clasto/Documents/VFF_Simulator/install/local_setup.sh'
[4.279s] INFO:colcon.colcon_core.shell:Creating prefix util module '/home/clasto/Documents/VFF_Simulator/install/_local_setup_util_sh.py'
[4.279s] INFO:colcon.colcon_core.shell:Creating prefix chain script '/home/clasto/Documents/VFF_Simulator/install/setup.sh'
[4.280s] INFO:colcon.colcon_core.shell:Creating prefix script '/home/clasto/Documents/VFF_Simulator/install/local_setup.bash'
[4.281s] INFO:colcon.colcon_core.shell:Creating prefix chain script '/home/clasto/Documents/VFF_Simulator/install/setup.bash'
[4.282s] INFO:colcon.colcon_core.shell:Creating prefix script '/home/clasto/Documents/VFF_Simulator/install/local_setup.zsh'
[4.282s] INFO:colcon.colcon_core.shell:Creating prefix chain script '/home/clasto/Documents/VFF_Simulator/install/setup.zsh'
